Arguments: 
  /usr/local/bin/node /Users/atomrigs/.node/corepack/yarn/1.22.15/bin/yarn.js add browerify

PATH: 
  /Library/Frameworks/Python.framework/Versions/3.10/bin:/opt/homebrew/bin:/opt/homebrew/sbin:/usr/local/bin:/usr/bin:/bin:/usr/sbin:/sbin:/Library/Frameworks/Python.framework/Versions/3.10/bin:/opt/homebrew/bin:/opt/homebrew/sbin

Yarn version: 
  1.22.15

Node version: 
  16.15.0

Platform: 
  darwin arm64

Trace: 
  Error: https://registry.yarnpkg.com/browerify: Not found
      at Request.params.callback [as _callback] (/Users/atomrigs/.node/corepack/yarn/1.22.15/lib/cli.js:66140:18)
      at Request.self.callback (/Users/atomrigs/.node/corepack/yarn/1.22.15/lib/cli.js:140885:22)
      at Request.emit (node:events:527:28)
      at Request.<anonymous> (/Users/atomrigs/.node/corepack/yarn/1.22.15/lib/cli.js:141857:10)
      at Request.emit (node:events:527:28)
      at IncomingMessage.<anonymous> (/Users/atomrigs/.node/corepack/yarn/1.22.15/lib/cli.js:141779:12)
      at Object.onceWrapper (node:events:641:28)
      at IncomingMessage.emit (node:events:539:35)
      at endReadableNT (node:internal/streams/readable:1345:12)
      at processTicksAndRejections (node:internal/process/task_queues:83:21)

npm manifest: 
  {
    "name": "kansong-metaverse-museum.github.io",
    "version": "1.0.0",
    "description": "\"# kansong-metaverse-museum.github.io\"",
    "main": "index.js",
    "scripts": {
      "test": "echo \"Error: no test specified\" && exit 1"
    },
    "repository": {
      "type": "git",
      "url": "git+https://github.com/LewisShim/kansong-metaverse-museum.github.io.git"
    },
    "author": "",
    "license": "ISC",
    "bugs": {
      "url": "https://github.com/LewisShim/kansong-metaverse-museum.github.io/issues"
    },
    "homepage": "https://github.com/LewisShim/kansong-metaverse-museum.github.io#readme",
    "dependencies": {
      "ethers": "^5.6.9",
      "firebase": "^9.4.0",
      "http-server": "^14.1.1"
    }
  }

yarn manifest: 
  No manifest

Lockfile: 
  # THIS IS AN AUTOGENERATED FILE. DO NOT EDIT THIS FILE DIRECTLY.
  # yarn lockfile v1
  
  
  "@ethersproject/abi@5.6.4", "@ethersproject/abi@^5.6.3":
    version "5.6.4"
    resolved "https://registry.yarnpkg.com/@ethersproject/abi/-/abi-5.6.4.tgz#f6e01b6ed391a505932698ecc0d9e7a99ee60362"
    integrity sha512-TTeZUlCeIHG6527/2goZA6gW5F8Emoc7MrZDC7hhP84aRGvW3TEdTnZR08Ls88YXM1m2SuK42Osw/jSi3uO8gg==
    dependencies:
      "@ethersproject/address" "^5.6.1"
      "@ethersproject/bignumber" "^5.6.2"
      "@ethersproject/bytes" "^5.6.1"
      "@ethersproject/constants" "^5.6.1"
      "@ethersproject/hash" "^5.6.1"
      "@ethersproject/keccak256" "^5.6.1"
      "@ethersproject/logger" "^5.6.0"
      "@ethersproject/properties" "^5.6.0"
      "@ethersproject/strings" "^5.6.1"
  
  "@ethersproject/abstract-provider@5.6.1", "@ethersproject/abstract-provider@^5.6.1":
    version "5.6.1"
    resolved "https://registry.yarnpkg.com/@ethersproject/abstract-provider/-/abstract-provider-5.6.1.tgz#02ddce150785caf0c77fe036a0ebfcee61878c59"
    integrity sha512-BxlIgogYJtp1FS8Muvj8YfdClk3unZH0vRMVX791Z9INBNT/kuACZ9GzaY1Y4yFq+YSy6/w4gzj3HCRKrK9hsQ==
    dependencies:
      "@ethersproject/bignumber" "^5.6.2"
      "@ethersproject/bytes" "^5.6.1"
      "@ethersproject/logger" "^5.6.0"
      "@ethersproject/networks" "^5.6.3"
      "@ethersproject/properties" "^5.6.0"
      "@ethersproject/transactions" "^5.6.2"
      "@ethersproject/web" "^5.6.1"
  
  "@ethersproject/abstract-signer@5.6.2", "@ethersproject/abstract-signer@^5.6.2":
    version "5.6.2"
    resolved "https://registry.yarnpkg.com/@ethersproject/abstract-signer/-/abstract-signer-5.6.2.tgz#491f07fc2cbd5da258f46ec539664713950b0b33"
    integrity sha512-n1r6lttFBG0t2vNiI3HoWaS/KdOt8xyDjzlP2cuevlWLG6EX0OwcKLyG/Kp/cuwNxdy/ous+R/DEMdTUwWQIjQ==
    dependencies:
      "@ethersproject/abstract-provider" "^5.6.1"
      "@ethersproject/bignumber" "^5.6.2"
      "@ethersproject/bytes" "^5.6.1"
      "@ethersproject/logger" "^5.6.0"
      "@ethersproject/properties" "^5.6.0"
  
  "@ethersproject/address@5.6.1", "@ethersproject/address@^5.6.1":
    version "5.6.1"
    resolved "https://registry.yarnpkg.com/@ethersproject/address/-/address-5.6.1.tgz#ab57818d9aefee919c5721d28cd31fd95eff413d"
    integrity sha512-uOgF0kS5MJv9ZvCz7x6T2EXJSzotiybApn4XlOgoTX0xdtyVIJ7pF+6cGPxiEq/dpBiTfMiw7Yc81JcwhSYA0Q==
    dependencies:
      "@ethersproject/bignumber" "^5.6.2"
      "@ethersproject/bytes" "^5.6.1"
      "@ethersproject/keccak256" "^5.6.1"
      "@ethersproject/logger" "^5.6.0"
      "@ethersproject/rlp" "^5.6.1"
  
  "@ethersproject/base64@5.6.1", "@ethersproject/base64@^5.6.1":
    version "5.6.1"
    resolved "https://registry.yarnpkg.com/@ethersproject/base64/-/base64-5.6.1.tgz#2c40d8a0310c9d1606c2c37ae3092634b41d87cb"
    integrity sha512-qB76rjop6a0RIYYMiB4Eh/8n+Hxu2NIZm8S/Q7kNo5pmZfXhHGHmS4MinUainiBC54SCyRnwzL+KZjj8zbsSsw==
    dependencies:
      "@ethersproject/bytes" "^5.6.1"
  
  "@ethersproject/basex@5.6.1", "@ethersproject/basex@^5.6.1":
    version "5.6.1"
    resolved "https://registry.yarnpkg.com/@ethersproject/basex/-/basex-5.6.1.tgz#badbb2f1d4a6f52ce41c9064f01eab19cc4c5305"
    integrity sha512-a52MkVz4vuBXR06nvflPMotld1FJWSj2QT0985v7P/emPZO00PucFAkbcmq2vpVU7Ts7umKiSI6SppiLykVWsA==
    dependencies:
      "@ethersproject/bytes" "^5.6.1"
      "@ethersproject/properties" "^5.6.0"
  
  "@ethersproject/bignumber@5.6.2", "@ethersproject/bignumber@^5.6.2":
    version "5.6.2"
    resolved "https://registry.yarnpkg.com/@ethersproject/bignumber/-/bignumber-5.6.2.tgz#72a0717d6163fab44c47bcc82e0c550ac0315d66"
    integrity sha512-v7+EEUbhGqT3XJ9LMPsKvXYHFc8eHxTowFCG/HgJErmq4XHJ2WR7aeyICg3uTOAQ7Icn0GFHAohXEhxQHq4Ubw==
    dependencies:
      "@ethersproject/bytes" "^5.6.1"
      "@ethersproject/logger" "^5.6.0"
      bn.js "^5.2.1"
  
  "@ethersproject/bytes@5.6.1", "@ethersproject/bytes@^5.6.1":
    version "5.6.1"
    resolved "https://registry.yarnpkg.com/@ethersproject/bytes/-/bytes-5.6.1.tgz#24f916e411f82a8a60412344bf4a813b917eefe7"
    integrity sha512-NwQt7cKn5+ZE4uDn+X5RAXLp46E1chXoaMmrxAyA0rblpxz8t58lVkrHXoRIn0lz1joQElQ8410GqhTqMOwc6g==
    dependencies:
      "@ethersproject/logger" "^5.6.0"
  
  "@ethersproject/constants@5.6.1", "@ethersproject/constants@^5.6.1":
    version "5.6.1"
    resolved "https://registry.yarnpkg.com/@ethersproject/constants/-/constants-5.6.1.tgz#e2e974cac160dd101cf79fdf879d7d18e8cb1370"
    integrity sha512-QSq9WVnZbxXYFftrjSjZDUshp6/eKp6qrtdBtUCm0QxCV5z1fG/w3kdlcsjMCQuQHUnAclKoK7XpXMezhRDOLg==
    dependencies:
      "@ethersproject/bignumber" "^5.6.2"
  
  "@ethersproject/contracts@5.6.2":
    version "5.6.2"
    resolved "https://registry.yarnpkg.com/@ethersproject/contracts/-/contracts-5.6.2.tgz#20b52e69ebc1b74274ff8e3d4e508de971c287bc"
    integrity sha512-hguUA57BIKi6WY0kHvZp6PwPlWF87MCeB4B7Z7AbUpTxfFXFdn/3b0GmjZPagIHS+3yhcBJDnuEfU4Xz+Ks/8g==
    dependencies:
      "@ethersproject/abi" "^5.6.3"
      "@ethersproject/abstract-provider" "^5.6.1"
      "@ethersproject/abstract-signer" "^5.6.2"
      "@ethersproject/address" "^5.6.1"
      "@ethersproject/bignumber" "^5.6.2"
      "@ethersproject/bytes" "^5.6.1"
      "@ethersproject/constants" "^5.6.1"
      "@ethersproject/logger" "^5.6.0"
      "@ethersproject/properties" "^5.6.0"
      "@ethersproject/transactions" "^5.6.2"
  
  "@ethersproject/hash@5.6.1", "@ethersproject/hash@^5.6.1":
    version "5.6.1"
    resolved "https://registry.yarnpkg.com/@ethersproject/hash/-/hash-5.6.1.tgz#224572ea4de257f05b4abf8ae58b03a67e99b0f4"
    integrity sha512-L1xAHurbaxG8VVul4ankNX5HgQ8PNCTrnVXEiFnE9xoRnaUcgfD12tZINtDinSllxPLCtGwguQxJ5E6keE84pA==
    dependencies:
      "@ethersproject/abstract-signer" "^5.6.2"
      "@ethersproject/address" "^5.6.1"
      "@ethersproject/bignumber" "^5.6.2"
      "@ethersproject/bytes" "^5.6.1"
      "@ethersproject/keccak256" "^5.6.1"
      "@ethersproject/logger" "^5.6.0"
      "@ethersproject/properties" "^5.6.0"
      "@ethersproject/strings" "^5.6.1"
  
  "@ethersproject/hdnode@5.6.2", "@ethersproject/hdnode@^5.6.2":
    version "5.6.2"
    resolved "https://registry.yarnpkg.com/@ethersproject/hdnode/-/hdnode-5.6.2.tgz#26f3c83a3e8f1b7985c15d1db50dc2903418b2d2"
    integrity sha512-tERxW8Ccf9CxW2db3WsN01Qao3wFeRsfYY9TCuhmG0xNpl2IO8wgXU3HtWIZ49gUWPggRy4Yg5axU0ACaEKf1Q==
    dependencies:
      "@ethersproject/abstract-signer" "^5.6.2"
      "@ethersproject/basex" "^5.6.1"
      "@ethersproject/bignumber" "^5.6.2"
      "@ethersproject/bytes" "^5.6.1"
      "@ethersproject/logger" "^5.6.0"
      "@ethersproject/pbkdf2" "^5.6.1"
      "@ethersproject/properties" "^5.6.0"
      "@ethersproject/sha2" "^5.6.1"
      "@ethersproject/signing-key" "^5.6.2"
      "@ethersproject/strings" "^5.6.1"
      "@ethersproject/transactions" "^5.6.2"
      "@ethersproject/wordlists" "^5.6.1"
  
  "@ethersproject/json-wallets@5.6.1", "@ethersproject/json-wallets@^5.6.1":
    version "5.6.1"
    resolved "https://registry.yarnpkg.com/@ethersproject/json-wallets/-/json-wallets-5.6.1.tgz#3f06ba555c9c0d7da46756a12ac53483fe18dd91"
    integrity sha512-KfyJ6Zwz3kGeX25nLihPwZYlDqamO6pfGKNnVMWWfEVVp42lTfCZVXXy5Ie8IZTN0HKwAngpIPi7gk4IJzgmqQ==
    dependencies:
      "@ethersproject/abstract-signer" "^5.6.2"
      "@ethersproject/address" "^5.6.1"
      "@ethersproject/bytes" "^5.6.1"
      "@ethersproject/hdnode" "^5.6.2"
      "@ethersproject/keccak256" "^5.6.1"
      "@ethersproject/logger" "^5.6.0"
      "@ethersproject/pbkdf2" "^5.6.1"
      "@ethersproject/properties" "^5.6.0"
      "@ethersproject/random" "^5.6.1"
      "@ethersproject/strings" "^5.6.1"
      "@ethersproject/transactions" "^5.6.2"
      aes-js "3.0.0"
      scrypt-js "3.0.1"
  
  "@ethersproject/keccak256@5.6.1", "@ethersproject/keccak256@^5.6.1":
    version "5.6.1"
    resolved "https://registry.yarnpkg.com/@ethersproject/keccak256/-/keccak256-5.6.1.tgz#b867167c9b50ba1b1a92bccdd4f2d6bd168a91cc"
    integrity sha512-bB7DQHCTRDooZZdL3lk9wpL0+XuG3XLGHLh3cePnybsO3V0rdCAOQGpn/0R3aODmnTOOkCATJiD2hnL+5bwthA==
    dependencies:
      "@ethersproject/bytes" "^5.6.1"
      js-sha3 "0.8.0"
  
  "@ethersproject/logger@5.6.0", "@ethersproject/logger@^5.6.0":
    version "5.6.0"
    resolved "https://registry.yarnpkg.com/@ethersproject/logger/-/logger-5.6.0.tgz#d7db1bfcc22fd2e4ab574cba0bb6ad779a9a3e7a"
    integrity sha512-BiBWllUROH9w+P21RzoxJKzqoqpkyM1pRnEKG69bulE9TSQD8SAIvTQqIMZmmCO8pUNkgLP1wndX1gKghSpBmg==
  
  "@ethersproject/networks@5.6.4", "@ethersproject/networks@^5.6.3":
    version "5.6.4"
    resolved "https://registry.yarnpkg.com/@ethersproject/networks/-/networks-5.6.4.tgz#51296d8fec59e9627554f5a8a9c7791248c8dc07"
    integrity sha512-KShHeHPahHI2UlWdtDMn2lJETcbtaJge4k7XSjDR9h79QTd6yQJmv6Cp2ZA4JdqWnhszAOLSuJEd9C0PRw7hSQ==
    dependencies:
      "@ethersproject/logger" "^5.6.0"
  
  "@ethersproject/pbkdf2@5.6.1", "@ethersproject/pbkdf2@^5.6.1":
    version "5.6.1"
    resolved "https://registry.yarnpkg.com/@ethersproject/pbkdf2/-/pbkdf2-5.6.1.tgz#f462fe320b22c0d6b1d72a9920a3963b09eb82d1"
    integrity sha512-k4gRQ+D93zDRPNUfmduNKq065uadC2YjMP/CqwwX5qG6R05f47boq6pLZtV/RnC4NZAYOPH1Cyo54q0c9sshRQ==
    dependencies:
      "@ethersproject/bytes" "^5.6.1"
      "@ethersproject/sha2" "^5.6.1"
  
  "@ethersproject/properties@5.6.0", "@ethersproject/properties@^5.6.0":
    version "5.6.0"
    resolved "https://registry.yarnpkg.com/@ethersproject/properties/-/properties-5.6.0.tgz#38904651713bc6bdd5bdd1b0a4287ecda920fa04"
    integrity sha512-szoOkHskajKePTJSZ46uHUWWkbv7TzP2ypdEK6jGMqJaEt2sb0jCgfBo0gH0m2HBpRixMuJ6TBRaQCF7a9DoCg==
    dependencies:
      "@ethersproject/logger" "^5.6.0"
  
  "@ethersproject/providers@5.6.8":
    version "5.6.8"
    resolved "https://registry.yarnpkg.com/@ethersproject/providers/-/providers-5.6.8.tgz#22e6c57be215ba5545d3a46cf759d265bb4e879d"
    integrity sha512-Wf+CseT/iOJjrGtAOf3ck9zS7AgPmr2fZ3N97r4+YXN3mBePTG2/bJ8DApl9mVwYL+RpYbNxMEkEp4mPGdwG/w==
    dependencies:
      "@ethersproject/abstract-provider" "^5.6.1"
      "@ethersproject/abstract-signer" "^5.6.2"
      "@ethersproject/address" "^5.6.1"
      "@ethersproject/base64" "^5.6.1"
      "@ethersproject/basex" "^5.6.1"
      "@ethersproject/bignumber" "^5.6.2"
      "@ethersproject/bytes" "^5.6.1"
      "@ethersproject/constants" "^5.6.1"
      "@ethersproject/hash" "^5.6.1"
      "@ethersproject/logger" "^5.6.0"
      "@ethersproject/networks" "^5.6.3"
      "@ethersproject/properties" "^5.6.0"
      "@ethersproject/random" "^5.6.1"
      "@ethersproject/rlp" "^5.6.1"
      "@ethersproject/sha2" "^5.6.1"
      "@ethersproject/strings" "^5.6.1"
      "@ethersproject/transactions" "^5.6.2"
      "@ethersproject/web" "^5.6.1"
      bech32 "1.1.4"
      ws "7.4.6"
  
  "@ethersproject/random@5.6.1", "@ethersproject/random@^5.6.1":
    version "5.6.1"
    resolved "https://registry.yarnpkg.com/@ethersproject/random/-/random-5.6.1.tgz#66915943981bcd3e11bbd43733f5c3ba5a790255"
    integrity sha512-/wtPNHwbmng+5yi3fkipA8YBT59DdkGRoC2vWk09Dci/q5DlgnMkhIycjHlavrvrjJBkFjO/ueLyT+aUDfc4lA==
    dependencies:
      "@ethersproject/bytes" "^5.6.1"
      "@ethersproject/logger" "^5.6.0"
  
  "@ethersproject/rlp@5.6.1", "@ethersproject/rlp@^5.6.1":
    version "5.6.1"
    resolved "https://registry.yarnpkg.com/@ethersproject/rlp/-/rlp-5.6.1.tgz#df8311e6f9f24dcb03d59a2bac457a28a4fe2bd8"
    integrity sha512-uYjmcZx+DKlFUk7a5/W9aQVaoEC7+1MOBgNtvNg13+RnuUwT4F0zTovC0tmay5SmRslb29V1B7Y5KCri46WhuQ==
    dependencies:
      "@ethersproject/bytes" "^5.6.1"
      "@ethersproject/logger" "^5.6.0"
  
  "@ethersproject/sha2@5.6.1", "@ethersproject/sha2@^5.6.1":
    version "5.6.1"
    resolved "https://registry.yarnpkg.com/@ethersproject/sha2/-/sha2-5.6.1.tgz#211f14d3f5da5301c8972a8827770b6fd3e51656"
    integrity sha512-5K2GyqcW7G4Yo3uenHegbXRPDgARpWUiXc6RiF7b6i/HXUoWlb7uCARh7BAHg7/qT/Q5ydofNwiZcim9qpjB6g==
    dependencies:
      "@ethersproject/bytes" "^5.6.1"
      "@ethersproject/logger" "^5.6.0"
      hash.js "1.1.7"
  
  "@ethersproject/signing-key@5.6.2", "@ethersproject/signing-key@^5.6.2":
    version "5.6.2"
    resolved "https://registry.yarnpkg.com/@ethersproject/signing-key/-/signing-key-5.6.2.tgz#8a51b111e4d62e5a62aee1da1e088d12de0614a3"
    integrity sha512-jVbu0RuP7EFpw82vHcL+GP35+KaNruVAZM90GxgQnGqB6crhBqW/ozBfFvdeImtmb4qPko0uxXjn8l9jpn0cwQ==
    dependencies:
      "@ethersproject/bytes" "^5.6.1"
      "@ethersproject/logger" "^5.6.0"
      "@ethersproject/properties" "^5.6.0"
      bn.js "^5.2.1"
      elliptic "6.5.4"
      hash.js "1.1.7"
  
  "@ethersproject/solidity@5.6.1":
    version "5.6.1"
    resolved "https://registry.yarnpkg.com/@ethersproject/solidity/-/solidity-5.6.1.tgz#5845e71182c66d32e6ec5eefd041fca091a473e2"
    integrity sha512-KWqVLkUUoLBfL1iwdzUVlkNqAUIFMpbbeH0rgCfKmJp0vFtY4AsaN91gHKo9ZZLkC4UOm3cI3BmMV4N53BOq4g==
    dependencies:
      "@ethersproject/bignumber" "^5.6.2"
      "@ethersproject/bytes" "^5.6.1"
      "@ethersproject/keccak256" "^5.6.1"
      "@ethersproject/logger" "^5.6.0"
      "@ethersproject/sha2" "^5.6.1"
      "@ethersproject/strings" "^5.6.1"
  
  "@ethersproject/strings@5.6.1", "@ethersproject/strings@^5.6.1":
    version "5.6.1"
    resolved "https://registry.yarnpkg.com/@ethersproject/strings/-/strings-5.6.1.tgz#dbc1b7f901db822b5cafd4ebf01ca93c373f8952"
    integrity sha512-2X1Lgk6Jyfg26MUnsHiT456U9ijxKUybz8IM1Vih+NJxYtXhmvKBcHOmvGqpFSVJ0nQ4ZCoIViR8XlRw1v/+Cw==
    dependencies:
      "@ethersproject/bytes" "^5.6.1"
      "@ethersproject/constants" "^5.6.1"
      "@ethersproject/logger" "^5.6.0"
  
  "@ethersproject/transactions@5.6.2", "@ethersproject/transactions@^5.6.2":
    version "5.6.2"
    resolved "https://registry.yarnpkg.com/@ethersproject/transactions/-/transactions-5.6.2.tgz#793a774c01ced9fe7073985bb95a4b4e57a6370b"
    integrity sha512-BuV63IRPHmJvthNkkt9G70Ullx6AcM+SDc+a8Aw/8Yew6YwT51TcBKEp1P4oOQ/bP25I18JJr7rcFRgFtU9B2Q==
    dependencies:
      "@ethersproject/address" "^5.6.1"
      "@ethersproject/bignumber" "^5.6.2"
      "@ethersproject/bytes" "^5.6.1"
      "@ethersproject/constants" "^5.6.1"
      "@ethersproject/keccak256" "^5.6.1"
      "@ethersproject/logger" "^5.6.0"
      "@ethersproject/properties" "^5.6.0"
      "@ethersproject/rlp" "^5.6.1"
      "@ethersproject/signing-key" "^5.6.2"
  
  "@ethersproject/units@5.6.1":
    version "5.6.1"
    resolved "https://registry.yarnpkg.com/@ethersproject/units/-/units-5.6.1.tgz#ecc590d16d37c8f9ef4e89e2005bda7ddc6a4e6f"
    integrity sha512-rEfSEvMQ7obcx3KWD5EWWx77gqv54K6BKiZzKxkQJqtpriVsICrktIQmKl8ReNToPeIYPnFHpXvKpi068YFZXw==
    dependencies:
      "@ethersproject/bignumber" "^5.6.2"
      "@ethersproject/constants" "^5.6.1"
      "@ethersproject/logger" "^5.6.0"
  
  "@ethersproject/wallet@5.6.2":
    version "5.6.2"
    resolved "https://registry.yarnpkg.com/@ethersproject/wallet/-/wallet-5.6.2.tgz#cd61429d1e934681e413f4bc847a5f2f87e3a03c"
    integrity sha512-lrgh0FDQPuOnHcF80Q3gHYsSUODp6aJLAdDmDV0xKCN/T7D99ta1jGVhulg3PY8wiXEngD0DfM0I2XKXlrqJfg==
    dependencies:
      "@ethersproject/abstract-provider" "^5.6.1"
      "@ethersproject/abstract-signer" "^5.6.2"
      "@ethersproject/address" "^5.6.1"
      "@ethersproject/bignumber" "^5.6.2"
      "@ethersproject/bytes" "^5.6.1"
      "@ethersproject/hash" "^5.6.1"
      "@ethersproject/hdnode" "^5.6.2"
      "@ethersproject/json-wallets" "^5.6.1"
      "@ethersproject/keccak256" "^5.6.1"
      "@ethersproject/logger" "^5.6.0"
      "@ethersproject/properties" "^5.6.0"
      "@ethersproject/random" "^5.6.1"
      "@ethersproject/signing-key" "^5.6.2"
      "@ethersproject/transactions" "^5.6.2"
      "@ethersproject/wordlists" "^5.6.1"
  
  "@ethersproject/web@5.6.1", "@ethersproject/web@^5.6.1":
    version "5.6.1"
    resolved "https://registry.yarnpkg.com/@ethersproject/web/-/web-5.6.1.tgz#6e2bd3ebadd033e6fe57d072db2b69ad2c9bdf5d"
    integrity sha512-/vSyzaQlNXkO1WV+RneYKqCJwualcUdx/Z3gseVovZP0wIlOFcCE1hkRhKBH8ImKbGQbMl9EAAyJFrJu7V0aqA==
    dependencies:
      "@ethersproject/base64" "^5.6.1"
      "@ethersproject/bytes" "^5.6.1"
      "@ethersproject/logger" "^5.6.0"
      "@ethersproject/properties" "^5.6.0"
      "@ethersproject/strings" "^5.6.1"
  
  "@ethersproject/wordlists@5.6.1", "@ethersproject/wordlists@^5.6.1":
    version "5.6.1"
    resolved "https://registry.yarnpkg.com/@ethersproject/wordlists/-/wordlists-5.6.1.tgz#1e78e2740a8a21e9e99947e47979d72e130aeda1"
    integrity sha512-wiPRgBpNbNwCQFoCr8bcWO8o5I810cqO6mkdtKfLKFlLxeCWcnzDi4Alu8iyNzlhYuS9npCwivMbRWF19dyblw==
    dependencies:
      "@ethersproject/bytes" "^5.6.1"
      "@ethersproject/hash" "^5.6.1"
      "@ethersproject/logger" "^5.6.0"
      "@ethersproject/properties" "^5.6.0"
      "@ethersproject/strings" "^5.6.1"
  
  "@firebase/analytics-compat@0.1.11":
    version "0.1.11"
    resolved "https://registry.yarnpkg.com/@firebase/analytics-compat/-/analytics-compat-0.1.11.tgz#0dd12c628e063bba2851b4da57fe67024c52ae2d"
    integrity sha512-Jx5iXM3nlMa6utqGWNDtmdIztFhLCqMx2Iw809BbynhTSa3esF4e5RevCRk+5oDDfW11uLHckLpe6MhmINKIkA==
    dependencies:
      "@firebase/analytics" "0.7.10"
      "@firebase/analytics-types" "0.7.0"
      "@firebase/component" "0.5.15"
      "@firebase/util" "1.6.1"
      tslib "^2.1.0"
  
  "@firebase/analytics-types@0.7.0":
    version "0.7.0"
    resolved "https://registry.yarnpkg.com/@firebase/analytics-types/-/analytics-types-0.7.0.tgz#91960e7c87ce8bf18cf8dd9e55ccbf5dc3989b5d"
    integrity sha512-DNE2Waiwy5+zZnCfintkDtBfaW6MjIG883474v6Z0K1XZIvl76cLND4iv0YUb48leyF+PJK1KO2XrgHb/KpmhQ==
  
  "@firebase/analytics@0.7.10":
    version "0.7.10"
    resolved "https://registry.yarnpkg.com/@firebase/analytics/-/analytics-0.7.10.tgz#43223a6630a4d96ae3d24ef8303ba9384f939e02"
    integrity sha512-efZ9jdzTW1/COE5gVdJVdplsltooKPH7M3XpSi/kDyegR1sC05C5NQaiBIYcaTyX2yf1OVcCfsWEcZFhhPTPGw==
    dependencies:
      "@firebase/component" "0.5.15"
      "@firebase/installations" "0.5.10"
      "@firebase/logger" "0.3.3"
      "@firebase/util" "1.6.1"
      tslib "^2.1.0"
  
  "@firebase/app-check-compat@0.2.9":
    version "0.2.9"
    resolved "https://registry.yarnpkg.com/@firebase/app-check-compat/-/app-check-compat-0.2.9.tgz#0a4656f14d49496b756cfc0a976136b7420893e0"
    integrity sha512-DgHCcUR3vC3KrAQccs+cggTjNusF/oxPJmw1397H0jw5vWVu0oTtmIduyKB2GE0KDo0q0bHNPPR8GEVugjeFPg==
    dependencies:
      "@firebase/app-check" "0.5.9"
      "@firebase/app-check-types" "0.4.0"
      "@firebase/component" "0.5.15"
      "@firebase/logger" "0.3.3"
      "@firebase/util" "1.6.1"
      tslib "^2.1.0"
  
  "@firebase/app-check-interop-types@0.1.0":
    version "0.1.0"
    resolved "https://registry.yarnpkg.com/@firebase/app-check-interop-types/-/app-check-interop-types-0.1.0.tgz#83afd9d41f99166c2bdb2d824e5032e9edd8fe53"
    integrity sha512-uZfn9s4uuRsaX5Lwx+gFP3B6YsyOKUE+Rqa6z9ojT4VSRAsZFko9FRn6OxQUA1z5t5d08fY4pf+/+Dkd5wbdbA==
  
  "@firebase/app-check-types@0.4.0":
    version "0.4.0"
    resolved "https://registry.yarnpkg.com/@firebase/app-check-types/-/app-check-types-0.4.0.tgz#7007a9d1d720db20bcf466fe6785c96feaa0a82d"
    integrity sha512-SsWafqMABIOu7zLgWbmwvHGOeQQVQlwm42kwwubsmfLmL4Sf5uGpBfDhQ0CAkpi7bkJ/NwNFKafNDL9prRNP0Q==
  
  "@firebase/app-check@0.5.9":
    version "0.5.9"
    resolved "https://registry.yarnpkg.com/@firebase/app-check/-/app-check-0.5.9.tgz#79a78cf6f0cd362e4ae9a9ec89d7e47ace5776a6"
    integrity sha512-IxOSpw4cL6fQD2AGLhXHxsdCjzQEYGyRwvS2vtguMxTYhRQ/EWXvej+P42cXf373vDrmAMKrnIUgC4P1yMPLSA==
    dependencies:
      "@firebase/component" "0.5.15"
      "@firebase/logger" "0.3.3"
      "@firebase/util" "1.6.1"
      tslib "^2.1.0"
  
  "@firebase/app-compat@0.1.27":
    version "0.1.27"
    resolved "https://registry.yarnpkg.com/@firebase/app-compat/-/app-compat-0.1.27.tgz#9afed61a751d6b36d35a4d4a53291235308d997f"
    integrity sha512-0A5ENP/KK0Eev94qPuxaclfOE0oA6hyCVQTdi0ox1bPm+VzGGD/jXP6Bzw+IUmy33ChjP/639bm6Myh8AG4PwA==
    dependencies:
      "@firebase/app" "0.7.26"
      "@firebase/component" "0.5.15"
      "@firebase/logger" "0.3.3"
      "@firebase/util" "1.6.1"
      tslib "^2.1.0"
  
  "@firebase/app-types@0.7.0":
    version "0.7.0"
    resolved "https://registry.yarnpkg.com/@firebase/app-types/-/app-types-0.7.0.tgz#c9e16d1b8bed1a991840b8d2a725fb58d0b5899f"
    integrity sha512-6fbHQwDv2jp/v6bXhBw2eSRbNBpxHcd1NBF864UksSMVIqIyri9qpJB1Mn6sGZE+bnDsSQBC5j2TbMxYsJQkQg==
  
  "@firebase/app@0.7.26":
    version "0.7.26"
    resolved "https://registry.yarnpkg.com/@firebase/app/-/app-0.7.26.tgz#56ce15a52d67000c5c44355a8ec5b0ad697a908c"
    integrity sha512-FmJ4uaUyazmOZZWJO9OviKfnw+lrwMPQbWBMutymSQT8Gx783Ddnhs5IdmfV0NeLrlGy4ZwfP6/+RJyy2wGDXw==
    dependencies:
      "@firebase/component" "0.5.15"
      "@firebase/logger" "0.3.3"
      "@firebase/util" "1.6.1"
      idb "7.0.1"
      tslib "^2.1.0"
  
  "@firebase/auth-compat@0.2.16":
    version "0.2.16"
    resolved "https://registry.yarnpkg.com/@firebase/auth-compat/-/auth-compat-0.2.16.tgz#fc2ae89e01891c54ca2f37d618103b77a409ff80"
    integrity sha512-wwyuBwtCXwygr1Vyr7M4v8iD1eGRUEGM0XNGG2BQkFnlF7rkwpGsmgiiSkaA8kFYibNSTx2TkdBNfvJXzYPL6A==
    dependencies:
      "@firebase/auth" "0.20.3"
      "@firebase/auth-types" "0.11.0"
      "@firebase/component" "0.5.15"
      "@firebase/util" "1.6.1"
      node-fetch "2.6.7"
      selenium-webdriver "4.1.2"
      tslib "^2.1.0"
  
  "@firebase/auth-interop-types@0.1.6":
    version "0.1.6"
    resolved "https://registry.yarnpkg.com/@firebase/auth-interop-types/-/auth-interop-types-0.1.6.tgz#5ce13fc1c527ad36f1bb1322c4492680a6cf4964"
    integrity sha512-etIi92fW3CctsmR9e3sYM3Uqnoq861M0Id9mdOPF6PWIg38BXL5k4upCNBggGUpLIS0H1grMOvy/wn1xymwe2g==
  
  "@firebase/auth-types@0.11.0":
    version "0.11.0"
    resolved "https://registry.yarnpkg.com/@firebase/auth-types/-/auth-types-0.11.0.tgz#b9c73c60ca07945b3bbd7a097633e5f78fa9e886"
    integrity sha512-q7Bt6cx+ySj9elQHTsKulwk3+qDezhzRBFC9zlQ1BjgMueUOnGMcvqmU0zuKlQ4RhLSH7MNAdBV2znVaoN3Vxw==
  
  "@firebase/auth@0.20.3":
    version "0.20.3"
    resolved "https://registry.yarnpkg.com/@firebase/auth/-/auth-0.20.3.tgz#a0c6bb3eb2624b26e5a58c29a4a6c11afd61ba6c"
    integrity sha512-iElaZvVxxW2WAAmmqwTkdPBdixdI2TpURACwNn0G4XpuxlNeF3hYK1nDla2Oa/r39QGtlb9FChTTBby4Uu/Flw==
    dependencies:
      "@firebase/component" "0.5.15"
      "@firebase/logger" "0.3.3"
      "@firebase/util" "1.6.1"
      node-fetch "2.6.7"
      selenium-webdriver "4.1.2"
      tslib "^2.1.0"
  
  "@firebase/component@0.5.15":
    version "0.5.15"
    resolved "https://registry.yarnpkg.com/@firebase/component/-/component-0.5.15.tgz#5ceaf3c3f2e495a5ac65b2b41354ca6d44e33f88"
    integrity sha512-VRnZxmvtJmXupTPg37LxM0zdyMN54EXkmsFD4x5Bm4eZUay9VGnhfiGnE3m9Af/2hnURA2idIBN/23L6982iPQ==
    dependencies:
      "@firebase/util" "1.6.1"
      tslib "^2.1.0"
  
  "@firebase/database-compat@0.2.1":
    version "0.2.1"
    resolved "https://registry.yarnpkg.com/@firebase/database-compat/-/database-compat-0.2.1.tgz#0cea97206679c03009b8662c146cf7399cbed0db"
    integrity sha512-xpru5ZtO7um2FmfIw4gCAbkWpyOEwxzamU/5phuwze3ZihMdh+UrDrwrhvfqzQ/KIKXsK76Uyx5F3NCAS8+5eg==
    dependencies:
      "@firebase/component" "0.5.15"
      "@firebase/database" "0.13.1"
      "@firebase/database-types" "0.9.9"
      "@firebase/logger" "0.3.3"
      "@firebase/util" "1.6.1"
      tslib "^2.1.0"
  
  "@firebase/database-types@0.9.9":
    version "0.9.9"
    resolved "https://registry.yarnpkg.com/@firebase/database-types/-/database-types-0.9.9.tgz#73fe21acb278555478e0a71a64b066147e998711"
    integrity sha512-Zp86fHzQFZKYVM7yDWVAgVTeOJ39g2wT0ijeiN0jpHAHceeoV013q3jPIIGuooV2HMwWOTIBZGqh+DxrHMFyUw==
    dependencies:
      "@firebase/app-types" "0.7.0"
      "@firebase/util" "1.6.1"
  
  "@firebase/database@0.13.1":
    version "0.13.1"
    resolved "https://registry.yarnpkg.com/@firebase/database/-/database-0.13.1.tgz#2ef40f961d36ae7c1030805385035df576c06116"
    integrity sha512-k6PeAzf9x9DG3AJtA6SkJsTD1ivOWvrV71VPOYabBch05QDB0HOYs1EauGhzqa6GOcYz+ncb4pNEkgFDvcnEfQ==
    dependencies:
      "@firebase/auth-interop-types" "0.1.6"
      "@firebase/component" "0.5.15"
      "@firebase/logger" "0.3.3"
      "@firebase/util" "1.6.1"
      faye-websocket "0.11.4"
      tslib "^2.1.0"
  
  "@firebase/firestore-compat@0.1.19":
    version "0.1.19"
    resolved "https://registry.yarnpkg.com/@firebase/firestore-compat/-/firestore-compat-0.1.19.tgz#51ff1718dfaf6abf4029e62010b26ddf07c0c420"
    integrity sha512-fE3anYxNvX50zILPdGZaJBFcK3NPOHzZR7lLupFBsmd0YFtFT4E89p0QQ3A/oZK9/74jNuvjZoJ8hamknPkZHQ==
    dependencies:
      "@firebase/component" "0.5.15"
      "@firebase/firestore" "3.4.10"
      "@firebase/firestore-types" "2.5.0"
      "@firebase/util" "1.6.1"
      tslib "^2.1.0"
  
  "@firebase/firestore-types@2.5.0":
    version "2.5.0"
    resolved "https://registry.yarnpkg.com/@firebase/firestore-types/-/firestore-types-2.5.0.tgz#16fca40b6980fdb000de86042d7a96635f2bcdd7"
    integrity sha512-I6c2m1zUhZ5SH0cWPmINabDyH5w0PPFHk2UHsjBpKdZllzJZ2TwTkXbDtpHUZNmnc/zAa0WNMNMvcvbb/xJLKA==
  
  "@firebase/firestore@3.4.10":
    version "3.4.10"
    resolved "https://registry.yarnpkg.com/@firebase/firestore/-/firestore-3.4.10.tgz#3e74a9224684d0f6d8012803cd6678f3c25afa1f"
    integrity sha512-QUW9B7U8G0zbontuEPCJaoD320AZPOM4skV+Jd+WJIUUrmg/pLCW68Tt9ycg6zQ+1WdJtzaOU35NPJS7VIP8Ug==
    dependencies:
      "@firebase/component" "0.5.15"
      "@firebase/logger" "0.3.3"
      "@firebase/util" "1.6.1"
      "@firebase/webchannel-wrapper" "0.6.2"
      "@grpc/grpc-js" "^1.3.2"
      "@grpc/proto-loader" "^0.6.0"
      node-fetch "2.6.7"
      tslib "^2.1.0"
  
  "@firebase/functions-compat@0.2.2":
    version "0.2.2"
    resolved "https://registry.yarnpkg.com/@firebase/functions-compat/-/functions-compat-0.2.2.tgz#539505a22624e52faf3d3f6d7f2a6b79973af37e"
    integrity sha512-CeAoQDVrrqjc6q0prgyO3mEDDQM84vSH09sNRRMxd9kTjZtKZD4DXf+BKfULSvMAK9mgmL70LBz8RsrcXs6YXg==
    dependencies:
      "@firebase/component" "0.5.15"
      "@firebase/functions" "0.8.2"
      "@firebase/functions-types" "0.5.0"
      "@firebase/util" "1.6.1"
      tslib "^2.1.0"
  
  "@firebase/functions-types@0.5.0":
    version "0.5.0"
    resolved "https://registry.yarnpkg.com/@firebase/functions-types/-/functions-types-0.5.0.tgz#b50ba95ccce9e96f7cda453228ffe1684645625b"
    integrity sha512-qza0M5EwX+Ocrl1cYI14zoipUX4gI/Shwqv0C1nB864INAD42Dgv4v94BCyxGHBg2kzlWy8PNafdP7zPO8aJQA==
  
  "@firebase/functions@0.8.2":
    version "0.8.2"
    resolved "https://registry.yarnpkg.com/@firebase/functions/-/functions-0.8.2.tgz#0ff9ef01f45778fb6cfb75d010099dca7b6b3d13"
    integrity sha512-w2ng6vodOYj7Xo/J3h0SN6NfpRzId00DOKZDvGylH+LoQPFBshHJmv2mpM5ljEntxWvtv3aGrjD6YvgKr9JUJA==
    dependencies:
      "@firebase/app-check-interop-types" "0.1.0"
      "@firebase/auth-interop-types" "0.1.6"
      "@firebase/component" "0.5.15"
      "@firebase/messaging-interop-types" "0.1.0"
      "@firebase/util" "1.6.1"
      node-fetch "2.6.7"
      tslib "^2.1.0"
  
  "@firebase/installations@0.5.10":
    version "0.5.10"
    resolved "https://registry.yarnpkg.com/@firebase/installations/-/installations-0.5.10.tgz#f189ee9c47948b52e1008ee861734a0598659539"
    integrity sha512-lTnYmtGPXwLqjiqvS4KH/V9a3vtZYWBU3Lsx+iOndFkzEyEANQ4qwUgZsP94qWRFd1WumcgDqhFmoVeYkDQCew==
    dependencies:
      "@firebase/component" "0.5.15"
      "@firebase/util" "1.6.1"
      idb "7.0.1"
      tslib "^2.1.0"
  
  "@firebase/logger@0.3.3":
    version "0.3.3"
    resolved "https://registry.yarnpkg.com/@firebase/logger/-/logger-0.3.3.tgz#0f724b1e0b166d17ac285aac5c8ec14d136beed4"
    integrity sha512-POTJl07jOKTOevLXrTvJD/VZ0M6PnJXflbAh5J9VGkmtXPXNG6MdZ9fmRgqYhXKTaDId6AQenQ262uwgpdtO0Q==
    dependencies:
      tslib "^2.1.0"
  
  "@firebase/messaging-compat@0.1.14":
    version "0.1.14"
    resolved "https://registry.yarnpkg.com/@firebase/messaging-compat/-/messaging-compat-0.1.14.tgz#c622c5d8a661dd3b6bc0b4395c879ed46a99a1d7"
    integrity sha512-XNF5+TxhbFa5nAmkf/PbbNFfmiTcyBfjIl322Me6ZYK4leC8+O9beR7w0wWei8+GhUSIHn3D69ZZRewUUkXukA==
    dependencies:
      "@firebase/component" "0.5.15"
      "@firebase/messaging" "0.9.14"
      "@firebase/util" "1.6.1"
      tslib "^2.1.0"
  
  "@firebase/messaging-interop-types@0.1.0":
    version "0.1.0"
    resolved "https://registry.yarnpkg.com/@firebase/messaging-interop-types/-/messaging-interop-types-0.1.0.tgz#bdac02dd31edd5cb9eec37b1db698ea5e2c1a631"
    integrity sha512-DbvUl/rXAZpQeKBnwz0NYY5OCqr2nFA0Bj28Fmr3NXGqR4PAkfTOHuQlVtLO1Nudo3q0HxAYLa68ZDAcuv2uKQ==
  
  "@firebase/messaging@0.9.14":
    version "0.9.14"
    resolved "https://registry.yarnpkg.com/@firebase/messaging/-/messaging-0.9.14.tgz#3855bdef3eceda90f07edd15e1ae302cbcaa4631"
    integrity sha512-TrSDdZT/wI94m+kay4ibYDUsBiSkijU71zWhSXPJRGSUNuq8EP0ecs2eu01Kipb6ghl5YUiFFL/uY5Y6WK/I5A==
    dependencies:
      "@firebase/component" "0.5.15"
      "@firebase/installations" "0.5.10"
      "@firebase/messaging-interop-types" "0.1.0"
      "@firebase/util" "1.6.1"
      idb "7.0.1"
      tslib "^2.1.0"
  
  "@firebase/performance-compat@0.1.10":
    version "0.1.10"
    resolved "https://registry.yarnpkg.com/@firebase/performance-compat/-/performance-compat-0.1.10.tgz#21560a3fe037f82ea6b1facf37e41c875de24797"
    integrity sha512-WhY2pjpXHiyRfnk9t3/BKGK/C0u4pC61mEYh8t8MLayz8KwuiavJj1wuCN2nG2R0y8CXZAsifFLQs1h0K3XzDA==
    dependencies:
      "@firebase/component" "0.5.15"
      "@firebase/logger" "0.3.3"
      "@firebase/performance" "0.5.10"
      "@firebase/performance-types" "0.1.0"
      "@firebase/util" "1.6.1"
      tslib "^2.1.0"
  
  "@firebase/performance-types@0.1.0":
    version "0.1.0"
    resolved "https://registry.yarnpkg.com/@firebase/performance-types/-/performance-types-0.1.0.tgz#5e6efa9dc81860aee2cb7121b39ae8fa137e69fc"
    integrity sha512-6p1HxrH0mpx+622Ql6fcxFxfkYSBpE3LSuwM7iTtYU2nw91Hj6THC8Bc8z4nboIq7WvgsT/kOTYVVZzCSlXl8w==
  
  "@firebase/performance@0.5.10":
    version "0.5.10"
    resolved "https://registry.yarnpkg.com/@firebase/performance/-/performance-0.5.10.tgz#cade908333b6ba51fbf5333dc17995976db56d26"
    integrity sha512-rX+OsVMc6IIkrZqFmIjvEfRuRJ84ftPJDDpnqZ134pqTPr3MQgRzU/gPgLio8EdUN5YCthWyA8nB8NrEzBysSA==
    dependencies:
      "@firebase/component" "0.5.15"
      "@firebase/installations" "0.5.10"
      "@firebase/logger" "0.3.3"
      "@firebase/util" "1.6.1"
      tslib "^2.1.0"
  
  "@firebase/polyfill@0.3.36":
    version "0.3.36"
    resolved "https://registry.yarnpkg.com/@firebase/polyfill/-/polyfill-0.3.36.tgz#c057cce6748170f36966b555749472b25efdb145"
    integrity sha512-zMM9oSJgY6cT2jx3Ce9LYqb0eIpDE52meIzd/oe/y70F+v9u1LDqk5kUF5mf16zovGBWMNFmgzlsh6Wj0OsFtg==
    dependencies:
      core-js "3.6.5"
      promise-polyfill "8.1.3"
      whatwg-fetch "2.0.4"
  
  "@firebase/remote-config-compat@0.1.10":
    version "0.1.10"
    resolved "https://registry.yarnpkg.com/@firebase/remote-config-compat/-/remote-config-compat-0.1.10.tgz#476faa6acf8f70a1b2331d9268c217a1129c2a3e"
    integrity sha512-FSZg9JqgnYIDV78J74W6JUANGjrzCgTRKHioBifONo3e2CdEqQKrvIuGCXEE9+9vYyuqNEtmv5DUIPC4n6XYCQ==
    dependencies:
      "@firebase/component" "0.5.15"
      "@firebase/logger" "0.3.3"
      "@firebase/remote-config" "0.3.9"
      "@firebase/remote-config-types" "0.2.0"
      "@firebase/util" "1.6.1"
      tslib "^2.1.0"
  
  "@firebase/remote-config-types@0.2.0":
    version "0.2.0"
    resolved "https://registry.yarnpkg.com/@firebase/remote-config-types/-/remote-config-types-0.2.0.tgz#1e2759fc01f20b58c564db42196f075844c3d1fd"
    integrity sha512-hqK5sCPeZvcHQ1D6VjJZdW6EexLTXNMJfPdTwbD8NrXUw6UjWC4KWhLK/TSlL0QPsQtcKRkaaoP+9QCgKfMFPw==
  
  "@firebase/remote-config@0.3.9":
    version "0.3.9"
    resolved "https://registry.yarnpkg.com/@firebase/remote-config/-/remote-config-0.3.9.tgz#2e08a21669dfa4816b4b304ec51c41681e00002b"
    integrity sha512-SQ7tArNyI3sPlbmyAB3X2rS8lHcVlPWIQPRLCmgpKjPKM6Jsv7onCUK+M23DW95iEjK4vEVU5QkxUP3fUXWkxg==
    dependencies:
      "@firebase/component" "0.5.15"
      "@firebase/installations" "0.5.10"
      "@firebase/logger" "0.3.3"
      "@firebase/util" "1.6.1"
      tslib "^2.1.0"
  
  "@firebase/storage-compat@0.1.15":
    version "0.1.15"
    resolved "https://registry.yarnpkg.com/@firebase/storage-compat/-/storage-compat-0.1.15.tgz#55994b60ccb1a0db39abb0c558665251c17a4298"
    integrity sha512-XjqAYIc8oJv6OAeeLdCUC3KF0wXAzRoBGktRhPMc9umSxVE7Dnr960kF6qtdAbLFGi/uhj478AdpKSQgZ75rQA==
    dependencies:
      "@firebase/component" "0.5.15"
      "@firebase/storage" "0.9.7"
      "@firebase/storage-types" "0.6.0"
      "@firebase/util" "1.6.1"
      tslib "^2.1.0"
  
  "@firebase/storage-types@0.6.0":
    version "0.6.0"
    resolved "https://registry.yarnpkg.com/@firebase/storage-types/-/storage-types-0.6.0.tgz#0b1af64a2965af46fca138e5b70700e9b7e6312a"
    integrity sha512-1LpWhcCb1ftpkP/akhzjzeFxgVefs6eMD2QeKiJJUGH1qOiows2w5o0sKCUSQrvrRQS1lz3SFGvNR1Ck/gqxeA==
  
  "@firebase/storage@0.9.7":
    version "0.9.7"
    resolved "https://registry.yarnpkg.com/@firebase/storage/-/storage-0.9.7.tgz#2c0b698b29d99aeb6e33906bb949caad67376f5c"
    integrity sha512-0unWzgx5bceyO3SX/ilHaxwwHidN5sXZGakFLjAn8cbpjVpmybcKaLOduBxlMXeDCdUFfO8FcvEajFkV+0t2hA==
    dependencies:
      "@firebase/component" "0.5.15"
      "@firebase/util" "1.6.1"
      node-fetch "2.6.7"
      tslib "^2.1.0"
  
  "@firebase/util@1.6.1":
    version "1.6.1"
    resolved "https://registry.yarnpkg.com/@firebase/util/-/util-1.6.1.tgz#203e7e5f95d91b42b042e9d9e21472ad2bfcdb44"
    integrity sha512-+eDE6uG5GgvXYHbAzfP1mpJUX1VDBD+A8CjBeBoNAKAVAApMSDxDODqRcOq7NW7kFJXSUkMzDJWhnUIifX2R8w==
    dependencies:
      tslib "^2.1.0"
  
  "@firebase/webchannel-wrapper@0.6.2":
    version "0.6.2"
    resolved "https://registry.yarnpkg.com/@firebase/webchannel-wrapper/-/webchannel-wrapper-0.6.2.tgz#6d05fa126104c9907573364dc04147b89b530e15"
    integrity sha512-zThUKcqIU6utWzM93uEvhlh8qj8A5LMPFJPvk/ODb+8GSSif19xM2Lw1M2ijyBy8+6skSkQBbavPzOU5Oh/8tQ==
  
  "@grpc/grpc-js@^1.3.2":
    version "1.6.7"
    resolved "https://registry.yarnpkg.com/@grpc/grpc-js/-/grpc-js-1.6.7.tgz#4c4fa998ff719fe859ac19fe977fdef097bb99aa"
    integrity sha512-eBM03pu9hd3VqDQG+kHahiG1x80RGkkqqRb1Pchcwqej/KkAH95gAvKs6laqaHCycYaPK+TKuNQnOz9UXYA8qw==
    dependencies:
      "@grpc/proto-loader" "^0.6.4"
      "@types/node" ">=12.12.47"
  
  "@grpc/proto-loader@^0.6.0", "@grpc/proto-loader@^0.6.4":
    version "0.6.13"
    resolved "https://registry.yarnpkg.com/@grpc/proto-loader/-/proto-loader-0.6.13.tgz#008f989b72a40c60c96cd4088522f09b05ac66bc"
    integrity sha512-FjxPYDRTn6Ec3V0arm1FtSpmP6V50wuph2yILpyvTKzjc76oDdoihXqM1DzOW5ubvCC8GivfCnNtfaRE8myJ7g==
    dependencies:
      "@types/long" "^4.0.1"
      lodash.camelcase "^4.3.0"
      long "^4.0.0"
      protobufjs "^6.11.3"
      yargs "^16.2.0"
  
  "@protobufjs/aspromise@^1.1.1", "@protobufjs/aspromise@^1.1.2":
    version "1.1.2"
    resolved "https://registry.yarnpkg.com/@protobufjs/aspromise/-/aspromise-1.1.2.tgz#9b8b0cc663d669a7d8f6f5d0893a14d348f30fbf"
    integrity sha512-j+gKExEuLmKwvz3OgROXtrJ2UG2x8Ch2YZUxahh+s1F2HZ+wAceUNLkvy6zKCPVRkU++ZWQrdxsUeQXmcg4uoQ==
  
  "@protobufjs/base64@^1.1.2":
    version "1.1.2"
    resolved "https://registry.yarnpkg.com/@protobufjs/base64/-/base64-1.1.2.tgz#4c85730e59b9a1f1f349047dbf24296034bb2735"
    integrity sha512-AZkcAA5vnN/v4PDqKyMR5lx7hZttPDgClv83E//FMNhR2TMcLUhfRUBHCmSl0oi9zMgDDqRUJkSxO3wm85+XLg==
  
  "@protobufjs/codegen@^2.0.4":
    version "2.0.4"
    resolved "https://registry.yarnpkg.com/@protobufjs/codegen/-/codegen-2.0.4.tgz#7ef37f0d010fb028ad1ad59722e506d9262815cb"
    integrity sha512-YyFaikqM5sH0ziFZCN3xDC7zeGaB/d0IUb9CATugHWbd1FRFwWwt4ld4OYMPWu5a3Xe01mGAULCdqhMlPl29Jg==
  
  "@protobufjs/eventemitter@^1.1.0":
    version "1.1.0"
    resolved "https://registry.yarnpkg.com/@protobufjs/eventemitter/-/eventemitter-1.1.0.tgz#355cbc98bafad5978f9ed095f397621f1d066b70"
    integrity sha512-j9ednRT81vYJ9OfVuXG6ERSTdEL1xVsNgqpkxMsbIabzSo3goCjDIveeGv5d03om39ML71RdmrGNjG5SReBP/Q==
  
  "@protobufjs/fetch@^1.1.0":
    version "1.1.0"
    resolved "https://registry.yarnpkg.com/@protobufjs/fetch/-/fetch-1.1.0.tgz#ba99fb598614af65700c1619ff06d454b0d84c45"
    integrity sha512-lljVXpqXebpsijW71PZaCYeIcE5on1w5DlQy5WH6GLbFryLUrBD4932W/E2BSpfRJWseIL4v/KPgBFxDOIdKpQ==
    dependencies:
      "@protobufjs/aspromise" "^1.1.1"
      "@protobufjs/inquire" "^1.1.0"
  
  "@protobufjs/float@^1.0.2":
    version "1.0.2"
    resolved "https://registry.yarnpkg.com/@protobufjs/float/-/float-1.0.2.tgz#5e9e1abdcb73fc0a7cb8b291df78c8cbd97b87d1"
    integrity sha512-Ddb+kVXlXst9d+R9PfTIxh1EdNkgoRe5tOX6t01f1lYWOvJnSPDBlG241QLzcyPdoNTsblLUdujGSE4RzrTZGQ==
  
  "@protobufjs/inquire@^1.1.0":
    version "1.1.0"
    resolved "https://registry.yarnpkg.com/@protobufjs/inquire/-/inquire-1.1.0.tgz#ff200e3e7cf2429e2dcafc1140828e8cc638f089"
    integrity sha512-kdSefcPdruJiFMVSbn801t4vFK7KB/5gd2fYvrxhuJYg8ILrmn9SKSX2tZdV6V+ksulWqS7aXjBcRXl3wHoD9Q==
  
  "@protobufjs/path@^1.1.2":
    version "1.1.2"
    resolved "https://registry.yarnpkg.com/@protobufjs/path/-/path-1.1.2.tgz#6cc2b20c5c9ad6ad0dccfd21ca7673d8d7fbf68d"
    integrity sha512-6JOcJ5Tm08dOHAbdR3GrvP+yUUfkjG5ePsHYczMFLq3ZmMkAD98cDgcT2iA1lJ9NVwFd4tH/iSSoe44YWkltEA==
  
  "@protobufjs/pool@^1.1.0":
    version "1.1.0"
    resolved "https://registry.yarnpkg.com/@protobufjs/pool/-/pool-1.1.0.tgz#09fd15f2d6d3abfa9b65bc366506d6ad7846ff54"
    integrity sha512-0kELaGSIDBKvcgS4zkjz1PeddatrjYcmMWOlAuAPwAeccUrPHdUqo/J6LiymHHEiJT5NrF1UVwxY14f+fy4WQw==
  
  "@protobufjs/utf8@^1.1.0":
    version "1.1.0"
    resolved "https://registry.yarnpkg.com/@protobufjs/utf8/-/utf8-1.1.0.tgz#a777360b5b39a1a2e5106f8e858f2fd2d060c570"
    integrity sha512-Vvn3zZrhQZkkBE8LSuW3em98c0FwgO4nxzv6OdSxPKJIEKY2bGbHn+mhGIPerzI4twdxaP8/0+06HBpwf345Lw==
  
  "@types/long@^4.0.1":
    version "4.0.2"
    resolved "https://registry.yarnpkg.com/@types/long/-/long-4.0.2.tgz#b74129719fc8d11c01868010082d483b7545591a"
    integrity sha512-MqTGEo5bj5t157U6fA/BiDynNkn0YknVdh48CMPkTSpFTVmvao5UQmm7uEF6xBEo7qIMAlY/JSleYaE6VOdpaA==
  
  "@types/node@>=12.12.47", "@types/node@>=13.7.0":
    version "18.0.0"
    resolved "https://registry.yarnpkg.com/@types/node/-/node-18.0.0.tgz#67c7b724e1bcdd7a8821ce0d5ee184d3b4dd525a"
    integrity sha512-cHlGmko4gWLVI27cGJntjs/Sj8th9aYwplmZFwmmgYQQvL5NUsgVJG7OddLvNfLqYS31KFN0s3qlaD9qCaxACA==
  
  aes-js@3.0.0:
    version "3.0.0"
    resolved "https://registry.yarnpkg.com/aes-js/-/aes-js-3.0.0.tgz#e21df10ad6c2053295bcbb8dab40b09dbea87e4d"
    integrity sha512-H7wUZRn8WpTq9jocdxQ2c8x2sKo9ZVmzfRE13GiNJXfp7NcKYEdvl3vspKjXox6RIG2VtaRe4JFvxG4rqp2Zuw==
  
  ansi-regex@^5.0.1:
    version "5.0.1"
    resolved "https://registry.yarnpkg.com/ansi-regex/-/ansi-regex-5.0.1.tgz#082cb2c89c9fe8659a311a53bd6a4dc5301db304"
    integrity sha512-quJQXlTSUGL2LH9SUXo8VwsY4soanhgo6LNSm84E1LBcE8s3O0wpdiRzyR9z/ZZJMlMWv37qOOb9pdJlMUEKFQ==
  
  ansi-styles@^4.0.0, ansi-styles@^4.1.0:
    version "4.3.0"
    resolved "https://registry.yarnpkg.com/ansi-styles/-/ansi-styles-4.3.0.tgz#edd803628ae71c04c85ae7a0906edad34b648937"
    integrity sha512-zbB9rCJAT1rbjiVDb2hqKFHNYLxgtk8NURxZ3IZwD3F6NtxbXZQCnnSi1Lkx+IDohdPlFp222wVALIheZJQSEg==
    dependencies:
      color-convert "^2.0.1"
  
  async@^2.6.2:
    version "2.6.4"
    resolved "https://registry.yarnpkg.com/async/-/async-2.6.4.tgz#706b7ff6084664cd7eae713f6f965433b5504221"
    integrity sha512-mzo5dfJYwAn29PeiJ0zvwTo04zj8HDJj0Mn8TD7sno7q12prdbnasKJHhkm2c1LgrhlJ0teaea8860oxi51mGA==
    dependencies:
      lodash "^4.17.14"
  
  balanced-match@^1.0.0:
    version "1.0.2"
    resolved "https://registry.yarnpkg.com/balanced-match/-/balanced-match-1.0.2.tgz#e83e3a7e3f300b34cb9d87f615fa0cbf357690ee"
    integrity sha512-3oSeUO0TMV67hN1AmbXsK4yaqU7tjiHlbxRDZOpH0KW9+CeX4bRAaX0Anxt0tx2MrpRpWwQaPwIlISEJhYU5Pw==
  
  basic-auth@^2.0.1:
    version "2.0.1"
    resolved "https://registry.yarnpkg.com/basic-auth/-/basic-auth-2.0.1.tgz#b998279bf47ce38344b4f3cf916d4679bbf51e3a"
    integrity sha512-NF+epuEdnUYVlGuhaxbbq+dvJttwLnGY+YixlXlME5KpQ5W3CnXA5cVTneY3SPbPDRkcjMbifrwmFYcClgOZeg==
    dependencies:
      safe-buffer "5.1.2"
  
  bech32@1.1.4:
    version "1.1.4"
    resolved "https://registry.yarnpkg.com/bech32/-/bech32-1.1.4.tgz#e38c9f37bf179b8eb16ae3a772b40c356d4832e9"
    integrity sha512-s0IrSOzLlbvX7yp4WBfPITzpAU8sqQcpsmwXDiKwrG4r491vwCO/XpejasRNl0piBMe/DvP4Tz0mIS/X1DPJBQ==
  
  bn.js@^4.11.9:
    version "4.12.0"
    resolved "https://registry.yarnpkg.com/bn.js/-/bn.js-4.12.0.tgz#775b3f278efbb9718eec7361f483fb36fbbfea88"
    integrity sha512-c98Bf3tPniI+scsdk237ku1Dc3ujXQTSgyiPUDEOe7tRkhrqridvh8klBv0HCEso1OLOYcHuCv/cS6DNxKH+ZA==
  
  bn.js@^5.2.1:
    version "5.2.1"
    resolved "https://registry.yarnpkg.com/bn.js/-/bn.js-5.2.1.tgz#0bc527a6a0d18d0aa8d5b0538ce4a77dccfa7b70"
    integrity sha512-eXRvHzWyYPBuB4NBy0cmYQjGitUrtqwbvlzP3G6VFnNRbsZQIxQ10PbKKHt8gZ/HW/D/747aDl+QkDqg3KQLMQ==
  
  brace-expansion@^1.1.7:
    version "1.1.11"
    resolved "https://registry.yarnpkg.com/brace-expansion/-/brace-expansion-1.1.11.tgz#3c7fcbf529d87226f3d2f52b966ff5271eb441dd"
    integrity sha512-iCuPHDFgrHX7H2vEI/5xpz07zSHB00TpugqhmYtVmMO6518mCuRMoOYFldEBl0g187ufozdaHgWKcYFb61qGiA==
    dependencies:
      balanced-match "^1.0.0"
      concat-map "0.0.1"
  
  brorand@^1.1.0:
    version "1.1.0"
    resolved "https://registry.yarnpkg.com/brorand/-/brorand-1.1.0.tgz#12c25efe40a45e3c323eb8675a0a0ce57b22371f"
    integrity sha512-cKV8tMCEpQs4hK/ik71d6LrPOnpkpGBR0wzxqr68g2m/LB2GxVYQroAjMJZRVM1Y4BCjCKc3vAamxSzOY2RP+w==
  
  call-bind@^1.0.0:
    version "1.0.2"
    resolved "https://registry.yarnpkg.com/call-bind/-/call-bind-1.0.2.tgz#b1d4e89e688119c3c9a903ad30abb2f6a919be3c"
    integrity sha512-7O+FbCihrB5WGbFYesctwmTKae6rOiIzmz1icreWJ+0aA7LJfuqhEso2T9ncpcFtzMQtzXf2QGGueWJGTYsqrA==
    dependencies:
      function-bind "^1.1.1"
      get-intrinsic "^1.0.2"
  
  chalk@^4.1.2:
    version "4.1.2"
    resolved "https://registry.yarnpkg.com/chalk/-/chalk-4.1.2.tgz#aac4e2b7734a740867aeb16bf02aad556a1e7a01"
    integrity sha512-oKnbhFyRIXpUuez8iBMmyEa4nbj4IOQyuhc/wy9kY7/WVPcwIO9VA668Pu8RkO7+0G76SLROeyw9CpQ061i4mA==
    dependencies:
      ansi-styles "^4.1.0"
      supports-color "^7.1.0"
  
  cliui@^7.0.2:
    version "7.0.4"
    resolved "https://registry.yarnpkg.com/cliui/-/cliui-7.0.4.tgz#a0265ee655476fc807aea9df3df8df7783808b4f"
    integrity sha512-OcRE68cOsVMXp1Yvonl/fzkQOyjLSu/8bhPDfQt0e0/Eb283TKP20Fs2MqoPsr9SwA595rRCA+QMzYc9nBP+JQ==
    dependencies:
      string-width "^4.2.0"
      strip-ansi "^6.0.0"
      wrap-ansi "^7.0.0"
  
  color-convert@^2.0.1:
    version "2.0.1"
    resolved "https://registry.yarnpkg.com/color-convert/-/color-convert-2.0.1.tgz#72d3a68d598c9bdb3af2ad1e84f21d896abd4de3"
    integrity sha512-RRECPsj7iu/xb5oKYcsFHSppFNnsj/52OVTRKb4zP5onXwVF3zVmmToNcOfGC+CRDpfK/U584fMg38ZHCaElKQ==
    dependencies:
      color-name "~1.1.4"
  
  color-name@~1.1.4:
    version "1.1.4"
    resolved "https://registry.yarnpkg.com/color-name/-/color-name-1.1.4.tgz#c2a09a87acbde69543de6f63fa3995c826c536a2"
    integrity sha512-dOy+3AuW3a2wNbZHIuMZpTcgjGuLU/uBL/ubcZF9OXbDo8ff4O8yVp5Bf0efS8uEoYo5q4Fx7dY9OgQGXgAsQA==
  
  concat-map@0.0.1:
    version "0.0.1"
    resolved "https://registry.yarnpkg.com/concat-map/-/concat-map-0.0.1.tgz#d8a96bd77fd68df7793a73036a3ba0d5405d477b"
    integrity sha512-/Srv4dswyQNBfohGpz9o6Yb3Gz3SrUDqBH5rTuhGR7ahtlbYKnVxw2bCFMRljaA7EXHaXZ8wsHdodFvbkhKmqg==
  
  core-js@3.6.5:
    version "3.6.5"
    resolved "https://registry.yarnpkg.com/core-js/-/core-js-3.6.5.tgz#7395dc273af37fb2e50e9bd3d9fe841285231d1a"
    integrity sha512-vZVEEwZoIsI+vPEuoF9Iqf5H7/M3eeQqWlQnYa8FSKKePuYTf5MWnxb5SDAzCa60b3JBRS5g9b+Dq7b1y/RCrA==
  
  core-util-is@~1.0.0:
    version "1.0.3"
    resolved "https://registry.yarnpkg.com/core-util-is/-/core-util-is-1.0.3.tgz#a6042d3634c2b27e9328f837b965fac83808db85"
    integrity sha512-ZQBvi1DcpJ4GDqanjucZ2Hj3wEO5pZDS89BWbkcrvdxksJorwUDDZamX9ldFkp9aw2lmBDLgkObEA4DWNJ9FYQ==
  
  corser@^2.0.1:
    version "2.0.1"
    resolved "https://registry.yarnpkg.com/corser/-/corser-2.0.1.tgz#8eda252ecaab5840dcd975ceb90d9370c819ff87"
    integrity sha512-utCYNzRSQIZNPIcGZdQc92UVJYAhtGAteCFg0yRaFm8f0P+CPtyGyHXJcGXnffjCybUCEx3FQ2G7U3/o9eIkVQ==
  
  debug@^3.1.1:
    version "3.2.7"
    resolved "https://registry.yarnpkg.com/debug/-/debug-3.2.7.tgz#72580b7e9145fb39b6676f9c5e5fb100b934179a"
    integrity sha512-CFjzYYAi4ThfiQvizrFQevTTXHtnCqWfe7x1AhgEscTz6ZbLbfoLRLPugTQyBth6f8ZERVUSyWHFD/7Wu4t1XQ==
    dependencies:
      ms "^2.1.1"
  
  elliptic@6.5.4:
    version "6.5.4"
    resolved "https://registry.yarnpkg.com/elliptic/-/elliptic-6.5.4.tgz#da37cebd31e79a1367e941b592ed1fbebd58abbb"
    integrity sha512-iLhC6ULemrljPZb+QutR5TQGB+pdW6KGD5RSegS+8sorOZT+rdQFbsQFJgvN3eRqNALqJer4oQ16YvJHlU8hzQ==
    dependencies:
      bn.js "^4.11.9"
      brorand "^1.1.0"
      hash.js "^1.0.0"
      hmac-drbg "^1.0.1"
      inherits "^2.0.4"
      minimalistic-assert "^1.0.1"
      minimalistic-crypto-utils "^1.0.1"
  
  emoji-regex@^8.0.0:
    version "8.0.0"
    resolved "https://registry.yarnpkg.com/emoji-regex/-/emoji-regex-8.0.0.tgz#e818fd69ce5ccfcb404594f842963bf53164cc37"
    integrity sha512-MSjYzcWNOA0ewAHpz0MxpYFvwg6yjy1NG3xteoqz644VCo/RPgnr1/GGt+ic3iJTzQ8Eu3TdM14SawnVUmGE6A==
  
  escalade@^3.1.1:
    version "3.1.1"
    resolved "https://registry.yarnpkg.com/escalade/-/escalade-3.1.1.tgz#d8cfdc7000965c5a0174b4a82eaa5c0552742e40"
    integrity sha512-k0er2gUkLf8O0zKJiAhmkTnJlTvINGv7ygDNPbeIsX/TJjGJZHuh9B2UxbsaEkmlEo9MfhrSzmhIlhRlI2GXnw==
  
  ethers@^5.6.9:
    version "5.6.9"
    resolved "https://registry.yarnpkg.com/ethers/-/ethers-5.6.9.tgz#4e12f8dfcb67b88ae7a78a9519b384c23c576a4d"
    integrity sha512-lMGC2zv9HC5EC+8r429WaWu3uWJUCgUCt8xxKCFqkrFuBDZXDYIdzDUECxzjf2BMF8IVBByY1EBoGSL3RTm8RA==
    dependencies:
      "@ethersproject/abi" "5.6.4"
      "@ethersproject/abstract-provider" "5.6.1"
      "@ethersproject/abstract-signer" "5.6.2"
      "@ethersproject/address" "5.6.1"
      "@ethersproject/base64" "5.6.1"
      "@ethersproject/basex" "5.6.1"
      "@ethersproject/bignumber" "5.6.2"
      "@ethersproject/bytes" "5.6.1"
      "@ethersproject/constants" "5.6.1"
      "@ethersproject/contracts" "5.6.2"
      "@ethersproject/hash" "5.6.1"
      "@ethersproject/hdnode" "5.6.2"
      "@ethersproject/json-wallets" "5.6.1"
      "@ethersproject/keccak256" "5.6.1"
      "@ethersproject/logger" "5.6.0"
      "@ethersproject/networks" "5.6.4"
      "@ethersproject/pbkdf2" "5.6.1"
      "@ethersproject/properties" "5.6.0"
      "@ethersproject/providers" "5.6.8"
      "@ethersproject/random" "5.6.1"
      "@ethersproject/rlp" "5.6.1"
      "@ethersproject/sha2" "5.6.1"
      "@ethersproject/signing-key" "5.6.2"
      "@ethersproject/solidity" "5.6.1"
      "@ethersproject/strings" "5.6.1"
      "@ethersproject/transactions" "5.6.2"
      "@ethersproject/units" "5.6.1"
      "@ethersproject/wallet" "5.6.2"
      "@ethersproject/web" "5.6.1"
      "@ethersproject/wordlists" "5.6.1"
  
  eventemitter3@^4.0.0:
    version "4.0.7"
    resolved "https://registry.yarnpkg.com/eventemitter3/-/eventemitter3-4.0.7.tgz#2de9b68f6528d5644ef5c59526a1b4a07306169f"
    integrity sha512-8guHBZCwKnFhYdHr2ysuRWErTwhoN2X8XELRlrRwpmfeY2jjuUN4taQMsULKUVo1K4DvZl+0pgfyoysHxvmvEw==
  
  faye-websocket@0.11.4:
    version "0.11.4"
    resolved "https://registry.yarnpkg.com/faye-websocket/-/faye-websocket-0.11.4.tgz#7f0d9275cfdd86a1c963dc8b65fcc451edcbb1da"
    integrity sha512-CzbClwlXAuiRQAlUyfqPgvPoNKTckTPGfwZV4ZdAhVcP2lh9KUxJg2b5GkE7XbjKQ3YJnQ9z6D9ntLAlB+tP8g==
    dependencies:
      websocket-driver ">=0.5.1"
  
  firebase@^9.4.0:
    version "9.8.3"
    resolved "https://registry.yarnpkg.com/firebase/-/firebase-9.8.3.tgz#63e5664ad4d5740c8db00702fb9b948665f65cbf"
    integrity sha512-PCThy5cFXnbiUtFPJ9vVdcG7wKibOKNR+iuNXf+54xMGJzYb+rM2P8GUqtr2fhVQkfs42uJ6gGKG4soNGkP64w==
    dependencies:
      "@firebase/analytics" "0.7.10"
      "@firebase/analytics-compat" "0.1.11"
      "@firebase/app" "0.7.26"
      "@firebase/app-check" "0.5.9"
      "@firebase/app-check-compat" "0.2.9"
      "@firebase/app-compat" "0.1.27"
      "@firebase/app-types" "0.7.0"
      "@firebase/auth" "0.20.3"
      "@firebase/auth-compat" "0.2.16"
      "@firebase/database" "0.13.1"
      "@firebase/database-compat" "0.2.1"
      "@firebase/firestore" "3.4.10"
      "@firebase/firestore-compat" "0.1.19"
      "@firebase/functions" "0.8.2"
      "@firebase/functions-compat" "0.2.2"
      "@firebase/installations" "0.5.10"
      "@firebase/messaging" "0.9.14"
      "@firebase/messaging-compat" "0.1.14"
      "@firebase/performance" "0.5.10"
      "@firebase/performance-compat" "0.1.10"
      "@firebase/polyfill" "0.3.36"
      "@firebase/remote-config" "0.3.9"
      "@firebase/remote-config-compat" "0.1.10"
      "@firebase/storage" "0.9.7"
      "@firebase/storage-compat" "0.1.15"
      "@firebase/util" "1.6.1"
  
  follow-redirects@^1.0.0:
    version "1.15.1"
    resolved "https://registry.yarnpkg.com/follow-redirects/-/follow-redirects-1.15.1.tgz#0ca6a452306c9b276e4d3127483e29575e207ad5"
    integrity sha512-yLAMQs+k0b2m7cVxpS1VKJVvoz7SS9Td1zss3XRwXj+ZDH00RJgnuLx7E44wx02kQLrdM3aOOy+FpzS7+8OizA==
  
  fs.realpath@^1.0.0:
    version "1.0.0"
    resolved "https://registry.yarnpkg.com/fs.realpath/-/fs.realpath-1.0.0.tgz#1504ad2523158caa40db4a2787cb01411994ea4f"
    integrity sha512-OO0pH2lK6a0hZnAdau5ItzHPI6pUlvI7jMVnxUQRtw4owF2wk8lOSabtGDCTP4Ggrg2MbGnWO9X8K1t4+fGMDw==
  
  function-bind@^1.1.1:
    version "1.1.1"
    resolved "https://registry.yarnpkg.com/function-bind/-/function-bind-1.1.1.tgz#a56899d3ea3c9bab874bb9773b7c5ede92f4895d"
    integrity sha512-yIovAzMX49sF8Yl58fSCWJ5svSLuaibPxXQJFLmBObTuCr0Mf1KiPopGM9NiFjiYBCbfaa2Fh6breQ6ANVTI0A==
  
  get-caller-file@^2.0.5:
    version "2.0.5"
    resolved "https://registry.yarnpkg.com/get-caller-file/-/get-caller-file-2.0.5.tgz#4f94412a82db32f36e3b0b9741f8a97feb031f7e"
    integrity sha512-DyFP3BM/3YHTQOCUL/w0OZHR0lpKeGrxotcHWcqNEdnltqFwXVfhEBQ94eIo34AfQpo0rGki4cyIiftY06h2Fg==
  
  get-intrinsic@^1.0.2:
    version "1.1.2"
    resolved "https://registry.yarnpkg.com/get-intrinsic/-/get-intrinsic-1.1.2.tgz#336975123e05ad0b7ba41f152ee4aadbea6cf598"
    integrity sha512-Jfm3OyCxHh9DJyc28qGk+JmfkpO41A4XkneDSujN9MDXrm4oDKdHvndhZ2dN94+ERNfkYJWDclW6k2L/ZGHjXA==
    dependencies:
      function-bind "^1.1.1"
      has "^1.0.3"
      has-symbols "^1.0.3"
  
  glob@^7.1.3:
    version "7.2.3"
    resolved "https://registry.yarnpkg.com/glob/-/glob-7.2.3.tgz#b8df0fb802bbfa8e89bd1d938b4e16578ed44f2b"
    integrity sha512-nFR0zLpU2YCaRxwoCJvL6UvCH2JFyFVIvwTLsIf21AuHlMskA1hhTdk+LlYJtOlYt9v6dvszD2BGRqBL+iQK9Q==
    dependencies:
      fs.realpath "^1.0.0"
      inflight "^1.0.4"
      inherits "2"
      minimatch "^3.1.1"
      once "^1.3.0"
      path-is-absolute "^1.0.0"
  
  has-flag@^4.0.0:
    version "4.0.0"
    resolved "https://registry.yarnpkg.com/has-flag/-/has-flag-4.0.0.tgz#944771fd9c81c81265c4d6941860da06bb59479b"
    integrity sha512-EykJT/Q1KjTWctppgIAgfSO0tKVuZUjhgMr17kqTumMl6Afv3EISleU7qZUzoXDFTAHTDC4NOoG/ZxU3EvlMPQ==
  
  has-symbols@^1.0.3:
    version "1.0.3"
    resolved "https://registry.yarnpkg.com/has-symbols/-/has-symbols-1.0.3.tgz#bb7b2c4349251dce87b125f7bdf874aa7c8b39f8"
    integrity sha512-l3LCuF6MgDNwTDKkdYGEihYjt5pRPbEg46rtlmnSPlUbgmB8LOIrKJbYYFBSbnPaJexMKtiPO8hmeRjRz2Td+A==
  
  has@^1.0.3:
    version "1.0.3"
    resolved "https://registry.yarnpkg.com/has/-/has-1.0.3.tgz#722d7cbfc1f6aa8241f16dd814e011e1f41e8796"
    integrity sha512-f2dvO0VU6Oej7RkWJGrehjbzMAjFp5/VKPp5tTpWIV4JHHZK1/BxbFRtf/siA2SWTe09caDmVtYYzWEIbBS4zw==
    dependencies:
      function-bind "^1.1.1"
  
  hash.js@1.1.7, hash.js@^1.0.0, hash.js@^1.0.3:
    version "1.1.7"
    resolved "https://registry.yarnpkg.com/hash.js/-/hash.js-1.1.7.tgz#0babca538e8d4ee4a0f8988d68866537a003cf42"
    integrity sha512-taOaskGt4z4SOANNseOviYDvjEJinIkRgmp7LbKP2YTTmVxWBl87s/uzK9r+44BclBSp2X7K1hqeNfz9JbBeXA==
    dependencies:
      inherits "^2.0.3"
      minimalistic-assert "^1.0.1"
  
  he@^1.2.0:
    version "1.2.0"
    resolved "https://registry.yarnpkg.com/he/-/he-1.2.0.tgz#84ae65fa7eafb165fddb61566ae14baf05664f0f"
    integrity sha512-F/1DnUGPopORZi0ni+CvrCgHQ5FyEAHRLSApuYWMmrbSwoN2Mn/7k+Gl38gJnR7yyDZk6WLXwiGod1JOWNDKGw==
  
  hmac-drbg@^1.0.1:
    version "1.0.1"
    resolved "https://registry.yarnpkg.com/hmac-drbg/-/hmac-drbg-1.0.1.tgz#d2745701025a6c775a6c545793ed502fc0c649a1"
    integrity sha512-Tti3gMqLdZfhOQY1Mzf/AanLiqh1WTiJgEj26ZuYQ9fbkLomzGchCws4FyrSd4VkpBfiNhaE1On+lOz894jvXg==
    dependencies:
      hash.js "^1.0.3"
      minimalistic-assert "^1.0.0"
      minimalistic-crypto-utils "^1.0.1"
  
  html-encoding-sniffer@^3.0.0:
    version "3.0.0"
    resolved "https://registry.yarnpkg.com/html-encoding-sniffer/-/html-encoding-sniffer-3.0.0.tgz#2cb1a8cf0db52414776e5b2a7a04d5dd98158de9"
    integrity sha512-oWv4T4yJ52iKrufjnyZPkrN0CH3QnrUqdB6In1g5Fe1mia8GmF36gnfNySxoZtxD5+NmYw1EElVXiBk93UeskA==
    dependencies:
      whatwg-encoding "^2.0.0"
  
  http-parser-js@>=0.5.1:
    version "0.5.6"
    resolved "https://registry.yarnpkg.com/http-parser-js/-/http-parser-js-0.5.6.tgz#2e02406ab2df8af8a7abfba62e0da01c62b95afd"
    integrity sha512-vDlkRPDJn93swjcjqMSaGSPABbIarsr1TLAui/gLDXzV5VsJNdXNzMYDyNBLQkjWQCJ1uizu8T2oDMhmGt0PRA==
  
  http-proxy@^1.18.1:
    version "1.18.1"
    resolved "https://registry.yarnpkg.com/http-proxy/-/http-proxy-1.18.1.tgz#401541f0534884bbf95260334e72f88ee3976549"
    integrity sha512-7mz/721AbnJwIVbnaSv1Cz3Am0ZLT/UBwkC92VlxhXv/k/BBQfM2fXElQNC27BVGr0uwUpplYPQM9LnaBMR5NQ==
    dependencies:
      eventemitter3 "^4.0.0"
      follow-redirects "^1.0.0"
      requires-port "^1.0.0"
  
  http-server@^14.1.1:
    version "14.1.1"
    resolved "https://registry.yarnpkg.com/http-server/-/http-server-14.1.1.tgz#d60fbb37d7c2fdff0f0fbff0d0ee6670bd285e2e"
    integrity sha512-+cbxadF40UXd9T01zUHgA+rlo2Bg1Srer4+B4NwIHdaGxAGGv59nYRnGGDJ9LBk7alpS0US+J+bLLdQOOkJq4A==
    dependencies:
      basic-auth "^2.0.1"
      chalk "^4.1.2"
      corser "^2.0.1"
      he "^1.2.0"
      html-encoding-sniffer "^3.0.0"
      http-proxy "^1.18.1"
      mime "^1.6.0"
      minimist "^1.2.6"
      opener "^1.5.1"
      portfinder "^1.0.28"
      secure-compare "3.0.1"
      union "~0.5.0"
      url-join "^4.0.1"
  
  iconv-lite@0.6.3:
    version "0.6.3"
    resolved "https://registry.yarnpkg.com/iconv-lite/-/iconv-lite-0.6.3.tgz#a52f80bf38da1952eb5c681790719871a1a72501"
    integrity sha512-4fCk79wshMdzMp2rH06qWrJE4iolqLhCUH+OiuIgU++RB0+94NlDL81atO7GX55uUKueo0txHNtvEyI6D7WdMw==
    dependencies:
      safer-buffer ">= 2.1.2 < 3.0.0"
  
  idb@7.0.1:
    version "7.0.1"
    resolved "https://registry.yarnpkg.com/idb/-/idb-7.0.1.tgz#d2875b3a2f205d854ee307f6d196f246fea590a7"
    integrity sha512-UUxlE7vGWK5RfB/fDwEGgRf84DY/ieqNha6msMV99UsEMQhJ1RwbCd8AYBj3QMgnE3VZnfQvm4oKVCJTYlqIgg==
  
  immediate@~3.0.5:
    version "3.0.6"
    resolved "https://registry.yarnpkg.com/immediate/-/immediate-3.0.6.tgz#9db1dbd0faf8de6fbe0f5dd5e56bb606280de69b"
    integrity sha512-XXOFtyqDjNDAQxVfYxuF7g9Il/IbWmmlQg2MYKOH8ExIT1qg6xc4zyS3HaEEATgs1btfzxq15ciUiY7gjSXRGQ==
  
  inflight@^1.0.4:
    version "1.0.6"
    resolved "https://registry.yarnpkg.com/inflight/-/inflight-1.0.6.tgz#49bd6331d7d02d0c09bc910a1075ba8165b56df9"
    integrity sha512-k92I/b08q4wvFscXCLvqfsHCrjrF7yiXsQuIVvVE7N82W3+aqpzuUdBbfhWcy/FZR3/4IgflMgKLOsvPDrGCJA==
    dependencies:
      once "^1.3.0"
      wrappy "1"
  
  inherits@2, inherits@^2.0.3, inherits@^2.0.4, inherits@~2.0.3:
    version "2.0.4"
    resolved "https://registry.yarnpkg.com/inherits/-/inherits-2.0.4.tgz#0fa2c64f932917c3433a0ded55363aae37416b7c"
    integrity sha512-k/vGaX4/Yla3WzyMCvTQOXYeIHvqOKtnqBduzTHpzpQZzAskKMhZ2K+EnBiSM9zGSoIFeMpXKxa4dYeZIQqewQ==
  
  is-fullwidth-code-point@^3.0.0:
    version "3.0.0"
    resolved "https://registry.yarnpkg.com/is-fullwidth-code-point/-/is-fullwidth-code-point-3.0.0.tgz#f116f8064fe90b3f7844a38997c0b75051269f1d"
    integrity sha512-zymm5+u+sCsSWyD9qNaejV3DFvhCKclKdizYaJUuHA83RLjb7nSuGnddCHGv0hk+KY7BMAlsWeK4Ueg6EV6XQg==
  
  isarray@~1.0.0:
    version "1.0.0"
    resolved "https://registry.yarnpkg.com/isarray/-/isarray-1.0.0.tgz#bb935d48582cba168c06834957a54a3e07124f11"
    integrity sha512-VLghIWNM6ELQzo7zwmcg0NmTVyWKYjvIeM83yjp0wRDTmUnrM678fQbcKBo6n2CJEF0szoG//ytg+TKla89ALQ==
  
  js-sha3@0.8.0:
    version "0.8.0"
    resolved "https://registry.yarnpkg.com/js-sha3/-/js-sha3-0.8.0.tgz#b9b7a5da73afad7dedd0f8c463954cbde6818840"
    integrity sha512-gF1cRrHhIzNfToc802P800N8PpXS+evLLXfsVpowqmAFR9uwbi89WvXg2QspOmXL8QL86J4T1EpFu+yUkwJY3Q==
  
  jszip@^3.6.0:
    version "3.10.0"
    resolved "https://registry.yarnpkg.com/jszip/-/jszip-3.10.0.tgz#faf3db2b4b8515425e34effcdbb086750a346061"
    integrity sha512-LDfVtOLtOxb9RXkYOwPyNBTQDL4eUbqahtoY6x07GiDJHwSYvn8sHHIw8wINImV3MqbMNve2gSuM1DDqEKk09Q==
    dependencies:
      lie "~3.3.0"
      pako "~1.0.2"
      readable-stream "~2.3.6"
      setimmediate "^1.0.5"
  
  lie@~3.3.0:
    version "3.3.0"
    resolved "https://registry.yarnpkg.com/lie/-/lie-3.3.0.tgz#dcf82dee545f46074daf200c7c1c5a08e0f40f6a"
    integrity sha512-UaiMJzeWRlEujzAuw5LokY1L5ecNQYZKfmyZ9L7wDHb/p5etKaxXhohBcrw0EYby+G/NA52vRSN4N39dxHAIwQ==
    dependencies:
      immediate "~3.0.5"
  
  lodash.camelcase@^4.3.0:
    version "4.3.0"
    resolved "https://registry.yarnpkg.com/lodash.camelcase/-/lodash.camelcase-4.3.0.tgz#b28aa6288a2b9fc651035c7711f65ab6190331a6"
    integrity sha512-TwuEnCnxbc3rAvhf/LbG7tJUDzhqXyFnv3dtzLOPgCG/hODL7WFnsbwktkD7yUV0RrreP/l1PALq/YSg6VvjlA==
  
  lodash@^4.17.14:
    version "4.17.21"
    resolved "https://registry.yarnpkg.com/lodash/-/lodash-4.17.21.tgz#679591c564c3bffaae8454cf0b3df370c3d6911c"
    integrity sha512-v2kDEe57lecTulaDIuNTPy3Ry4gLGJ6Z1O3vE1krgXZNrsQ+LFTGHVxVjcXPs17LhbZVGedAJv8XZ1tvj5FvSg==
  
  long@^4.0.0:
    version "4.0.0"
    resolved "https://registry.yarnpkg.com/long/-/long-4.0.0.tgz#9a7b71cfb7d361a194ea555241c92f7468d5bf28"
    integrity sha512-XsP+KhQif4bjX1kbuSiySJFNAehNxgLb6hPRGJ9QsUr8ajHkuXGdrHmFUTUUXhDwVX2R5bY4JNZEwbUiMhV+MA==
  
  mime@^1.6.0:
    version "1.6.0"
    resolved "https://registry.yarnpkg.com/mime/-/mime-1.6.0.tgz#32cd9e5c64553bd58d19a568af452acff04981b1"
    integrity sha512-x0Vn8spI+wuJ1O6S7gnbaQg8Pxh4NNHb7KSINmEWKiPE4RKOplvijn+NkmYmmRgP68mc70j2EbeTFRsrswaQeg==
  
  minimalistic-assert@^1.0.0, minimalistic-assert@^1.0.1:
    version "1.0.1"
    resolved "https://registry.yarnpkg.com/minimalistic-assert/-/minimalistic-assert-1.0.1.tgz#2e194de044626d4a10e7f7fbc00ce73e83e4d5c7"
    integrity sha512-UtJcAD4yEaGtjPezWuO9wC4nwUnVH/8/Im3yEHQP4b67cXlD/Qr9hdITCU1xDbSEXg2XKNaP8jsReV7vQd00/A==
  
  minimalistic-crypto-utils@^1.0.1:
    version "1.0.1"
    resolved "https://registry.yarnpkg.com/minimalistic-crypto-utils/-/minimalistic-crypto-utils-1.0.1.tgz#f6c00c1c0b082246e5c4d99dfb8c7c083b2b582a"
    integrity sha512-JIYlbt6g8i5jKfJ3xz7rF0LXmv2TkDxBLUkiBeZ7bAx4GnnNMr8xFpGnOxn6GhTEHx3SjRrZEoU+j04prX1ktg==
  
  minimatch@^3.1.1:
    version "3.1.2"
    resolved "https://registry.yarnpkg.com/minimatch/-/minimatch-3.1.2.tgz#19cd194bfd3e428f049a70817c038d89ab4be35b"
    integrity sha512-J7p63hRiAjw1NDEww1W7i37+ByIrOWO5XQQAzZ3VOcL0PNybwpfmV/N05zFAzwQ9USyEcX6t3UO+K5aqBQOIHw==
    dependencies:
      brace-expansion "^1.1.7"
  
  minimist@^1.2.6:
    version "1.2.6"
    resolved "https://registry.yarnpkg.com/minimist/-/minimist-1.2.6.tgz#8637a5b759ea0d6e98702cfb3a9283323c93af44"
    integrity sha512-Jsjnk4bw3YJqYzbdyBiNsPWHPfO++UGG749Cxs6peCu5Xg4nrena6OVxOYxrQTqww0Jmwt+Ref8rggumkTLz9Q==
  
  mkdirp@^0.5.5:
    version "0.5.6"
    resolved "https://registry.yarnpkg.com/mkdirp/-/mkdirp-0.5.6.tgz#7def03d2432dcae4ba1d611445c48396062255f6"
    integrity sha512-FP+p8RB8OWpF3YZBCrP5gtADmtXApB5AMLn+vdyA+PyxCjrCs00mjyUozssO33cwDeT3wNGdLxJ5M//YqtHAJw==
    dependencies:
      minimist "^1.2.6"
  
  ms@^2.1.1:
    version "2.1.3"
    resolved "https://registry.yarnpkg.com/ms/-/ms-2.1.3.tgz#574c8138ce1d2b5861f0b44579dbadd60c6615b2"
    integrity sha512-6FlzubTLZG3J2a/NVCAleEhjzq5oxgHyaCU9yYXvcLsvoVaHJq/s5xXI6/XXP6tz7R9xAOtHnSO/tXtF3WRTlA==
  
  node-fetch@2.6.7:
    version "2.6.7"
    resolved "https://registry.yarnpkg.com/node-fetch/-/node-fetch-2.6.7.tgz#24de9fba827e3b4ae44dc8b20256a379160052ad"
    integrity sha512-ZjMPFEfVx5j+y2yF35Kzx5sF7kDzxuDj6ziH4FFbOp87zKDZNx8yExJIb05OGF4Nlt9IHFIMBkRl41VdvcNdbQ==
    dependencies:
      whatwg-url "^5.0.0"
  
  object-inspect@^1.9.0:
    version "1.12.2"
    resolved "https://registry.yarnpkg.com/object-inspect/-/object-inspect-1.12.2.tgz#c0641f26394532f28ab8d796ab954e43c009a8ea"
    integrity sha512-z+cPxW0QGUp0mcqcsgQyLVRDoXFQbXOwBaqyF7VIgI4TWNQsDHrBpUQslRmIfAoYWdYzs6UlKJtB2XJpTaNSpQ==
  
  once@^1.3.0:
    version "1.4.0"
    resolved "https://registry.yarnpkg.com/once/-/once-1.4.0.tgz#583b1aa775961d4b113ac17d9c50baef9dd76bd1"
    integrity sha512-lNaJgI+2Q5URQBkccEKHTQOPaXdUxnZZElQTZY0MFUAuaEqe1E+Nyvgdz/aIyNi6Z9MzO5dv1H8n58/GELp3+w==
    dependencies:
      wrappy "1"
  
  opener@^1.5.1:
    version "1.5.2"
    resolved "https://registry.yarnpkg.com/opener/-/opener-1.5.2.tgz#5d37e1f35077b9dcac4301372271afdeb2a13598"
    integrity sha512-ur5UIdyw5Y7yEj9wLzhqXiy6GZ3Mwx0yGI+5sMn2r0N0v3cKJvUmFH5yPP+WXh9e0xfyzyJX95D8l088DNFj7A==
  
  pako@~1.0.2:
    version "1.0.11"
    resolved "https://registry.yarnpkg.com/pako/-/pako-1.0.11.tgz#6c9599d340d54dfd3946380252a35705a6b992bf"
    integrity sha512-4hLB8Py4zZce5s4yd9XzopqwVv/yGNhV1Bl8NTmCq1763HeK2+EwVTv+leGeL13Dnh2wfbqowVPXCIO0z4taYw==
  
  path-is-absolute@^1.0.0:
    version "1.0.1"
    resolved "https://registry.yarnpkg.com/path-is-absolute/-/path-is-absolute-1.0.1.tgz#174b9268735534ffbc7ace6bf53a5a9e1b5c5f5f"
    integrity sha512-AVbw3UJ2e9bq64vSaS9Am0fje1Pa8pbGqTTsmXfaIiMpnr5DlDhfJOuLj9Sf95ZPVDAUerDfEk88MPmPe7UCQg==
  
  portfinder@^1.0.28:
    version "1.0.28"
    resolved "https://registry.yarnpkg.com/portfinder/-/portfinder-1.0.28.tgz#67c4622852bd5374dd1dd900f779f53462fac778"
    integrity sha512-Se+2isanIcEqf2XMHjyUKskczxbPH7dQnlMjXX6+dybayyHvAf/TCgyMRlzf/B6QDhAEFOGes0pzRo3by4AbMA==
    dependencies:
      async "^2.6.2"
      debug "^3.1.1"
      mkdirp "^0.5.5"
  
  process-nextick-args@~2.0.0:
    version "2.0.1"
    resolved "https://registry.yarnpkg.com/process-nextick-args/-/process-nextick-args-2.0.1.tgz#7820d9b16120cc55ca9ae7792680ae7dba6d7fe2"
    integrity sha512-3ouUOpQhtgrbOa17J7+uxOTpITYWaGP7/AhoR3+A+/1e9skrzelGi/dXzEYyvbxubEF6Wn2ypscTKiKJFFn1ag==
  
  promise-polyfill@8.1.3:
    version "8.1.3"
    resolved "https://registry.yarnpkg.com/promise-polyfill/-/promise-polyfill-8.1.3.tgz#8c99b3cf53f3a91c68226ffde7bde81d7f904116"
    integrity sha512-MG5r82wBzh7pSKDRa9y+vllNHz3e3d4CNj1PQE4BQYxLme0gKYYBm9YENq+UkEikyZ0XbiGWxYlVw3Rl9O/U8g==
  
  protobufjs@^6.11.3:
    version "6.11.3"
    resolved "https://registry.yarnpkg.com/protobufjs/-/protobufjs-6.11.3.tgz#637a527205a35caa4f3e2a9a4a13ddffe0e7af74"
    integrity sha512-xL96WDdCZYdU7Slin569tFX712BxsxslWwAfAhCYjQKGTq7dAU91Lomy6nLLhh/dyGhk/YH4TwTSRxTzhuHyZg==
    dependencies:
      "@protobufjs/aspromise" "^1.1.2"
      "@protobufjs/base64" "^1.1.2"
      "@protobufjs/codegen" "^2.0.4"
      "@protobufjs/eventemitter" "^1.1.0"
      "@protobufjs/fetch" "^1.1.0"
      "@protobufjs/float" "^1.0.2"
      "@protobufjs/inquire" "^1.1.0"
      "@protobufjs/path" "^1.1.2"
      "@protobufjs/pool" "^1.1.0"
      "@protobufjs/utf8" "^1.1.0"
      "@types/long" "^4.0.1"
      "@types/node" ">=13.7.0"
      long "^4.0.0"
  
  qs@^6.4.0:
    version "6.10.5"
    resolved "https://registry.yarnpkg.com/qs/-/qs-6.10.5.tgz#974715920a80ff6a262264acd2c7e6c2a53282b4"
    integrity sha512-O5RlPh0VFtR78y79rgcgKK4wbAI0C5zGVLztOIdpWX6ep368q5Hv6XRxDvXuZ9q3C6v+e3n8UfZZJw7IIG27eQ==
    dependencies:
      side-channel "^1.0.4"
  
  readable-stream@~2.3.6:
    version "2.3.7"
    resolved "https://registry.yarnpkg.com/readable-stream/-/readable-stream-2.3.7.tgz#1eca1cf711aef814c04f62252a36a62f6cb23b57"
    integrity sha512-Ebho8K4jIbHAxnuxi7o42OrZgF/ZTNcsZj6nRKyUmkhLFq8CHItp/fy6hQZuZmP/n3yZ9VBUbp4zz/mX8hmYPw==
    dependencies:
      core-util-is "~1.0.0"
      inherits "~2.0.3"
      isarray "~1.0.0"
      process-nextick-args "~2.0.0"
      safe-buffer "~5.1.1"
      string_decoder "~1.1.1"
      util-deprecate "~1.0.1"
  
  require-directory@^2.1.1:
    version "2.1.1"
    resolved "https://registry.yarnpkg.com/require-directory/-/require-directory-2.1.1.tgz#8c64ad5fd30dab1c976e2344ffe7f792a6a6df42"
    integrity sha512-fGxEI7+wsG9xrvdjsrlmL22OMTTiHRwAMroiEeMgq8gzoLC/PQr7RsRDSTLUg/bZAZtF+TVIkHc6/4RIKrui+Q==
  
  requires-port@^1.0.0:
    version "1.0.0"
    resolved "https://registry.yarnpkg.com/requires-port/-/requires-port-1.0.0.tgz#925d2601d39ac485e091cf0da5c6e694dc3dcaff"
    integrity sha512-KigOCHcocU3XODJxsu8i/j8T9tzT4adHiecwORRQ0ZZFcp7ahwXuRU1m+yuO90C5ZUyGeGfocHDI14M3L3yDAQ==
  
  rimraf@^3.0.0:
    version "3.0.2"
    resolved "https://registry.yarnpkg.com/rimraf/-/rimraf-3.0.2.tgz#f1a5402ba6220ad52cc1282bac1ae3aa49fd061a"
    integrity sha512-JZkJMZkAGFFPP2YqXZXPbMlMBgsxzE8ILs4lMIX/2o0L9UBw9O/Y3o6wFw/i9YLapcUJWwqbi3kdxIPdC62TIA==
    dependencies:
      glob "^7.1.3"
  
  safe-buffer@5.1.2, safe-buffer@~5.1.0, safe-buffer@~5.1.1:
    version "5.1.2"
    resolved "https://registry.yarnpkg.com/safe-buffer/-/safe-buffer-5.1.2.tgz#991ec69d296e0313747d59bdfd2b745c35f8828d"
    integrity sha512-Gd2UZBJDkXlY7GbJxfsE8/nvKkUEU1G38c1siN6QP6a9PT9MmHB8GnpscSmMJSoF8LOIrt8ud/wPtojys4G6+g==
  
  safe-buffer@>=5.1.0:
    version "5.2.1"
    resolved "https://registry.yarnpkg.com/safe-buffer/-/safe-buffer-5.2.1.tgz#1eaf9fa9bdb1fdd4ec75f58f9cdb4e6b7827eec6"
    integrity sha512-rp3So07KcdmmKbGvgaNxQSJr7bGVSVk5S9Eq1F+ppbRo70+YeaDxkw5Dd8NPN+GD6bjnYm2VuPuCXmpuYvmCXQ==
  
  "safer-buffer@>= 2.1.2 < 3.0.0":
    version "2.1.2"
    resolved "https://registry.yarnpkg.com/safer-buffer/-/safer-buffer-2.1.2.tgz#44fa161b0187b9549dd84bb91802f9bd8385cd6a"
    integrity sha512-YZo3K82SD7Riyi0E1EQPojLz7kpepnSQI9IyPbHHg1XXXevb5dJI7tpyN2ADxGcQbHG7vcyRHk0cbwqcQriUtg==
  
  scrypt-js@3.0.1:
    version "3.0.1"
    resolved "https://registry.yarnpkg.com/scrypt-js/-/scrypt-js-3.0.1.tgz#d314a57c2aef69d1ad98a138a21fe9eafa9ee312"
    integrity sha512-cdwTTnqPu0Hyvf5in5asVdZocVDTNRmR7XEcJuIzMjJeSHybHl7vpB66AzwTaIg6CLSbtjcxc8fqcySfnTkccA==
  
  secure-compare@3.0.1:
    version "3.0.1"
    resolved "https://registry.yarnpkg.com/secure-compare/-/secure-compare-3.0.1.tgz#f1a0329b308b221fae37b9974f3d578d0ca999e3"
    integrity sha512-AckIIV90rPDcBcglUwXPF3kg0P0qmPsPXAj6BBEENQE1p5yA1xfmDJzfi1Tappj37Pv2mVbKpL3Z1T+Nn7k1Qw==
  
  selenium-webdriver@4.1.2:
    version "4.1.2"
    resolved "https://registry.yarnpkg.com/selenium-webdriver/-/selenium-webdriver-4.1.2.tgz#d463b4335632d2ea41a9e988e435a55dc41f5314"
    integrity sha512-e4Ap8vQvhipgBB8Ry9zBiKGkU6kHKyNnWiavGGLKkrdW81Zv7NVMtFOL/j3yX0G8QScM7XIXijKssNd4EUxSOw==
    dependencies:
      jszip "^3.6.0"
      tmp "^0.2.1"
      ws ">=7.4.6"
  
  setimmediate@^1.0.5:
    version "1.0.5"
    resolved "https://registry.yarnpkg.com/setimmediate/-/setimmediate-1.0.5.tgz#290cbb232e306942d7d7ea9b83732ab7856f8285"
    integrity sha512-MATJdZp8sLqDl/68LfQmbP8zKPLQNV6BIZoIgrscFDQ+RsvK/BxeDQOgyxKKoh0y/8h3BqVFnCqQ/gd+reiIXA==
  
  side-channel@^1.0.4:
    version "1.0.4"
    resolved "https://registry.yarnpkg.com/side-channel/-/side-channel-1.0.4.tgz#efce5c8fdc104ee751b25c58d4290011fa5ea2cf"
    integrity sha512-q5XPytqFEIKHkGdiMIrY10mvLRvnQh42/+GoBlFW3b2LXLE2xxJpZFdm94we0BaoV3RwJyGqg5wS7epxTv0Zvw==
    dependencies:
      call-bind "^1.0.0"
      get-intrinsic "^1.0.2"
      object-inspect "^1.9.0"
  
  string-width@^4.1.0, string-width@^4.2.0:
    version "4.2.3"
    resolved "https://registry.yarnpkg.com/string-width/-/string-width-4.2.3.tgz#269c7117d27b05ad2e536830a8ec895ef9c6d010"
    integrity sha512-wKyQRQpjJ0sIp62ErSZdGsjMJWsap5oRNihHhu6G7JVO/9jIB6UyevL+tXuOqrng8j/cxKTWyWUwvSTriiZz/g==
    dependencies:
      emoji-regex "^8.0.0"
      is-fullwidth-code-point "^3.0.0"
      strip-ansi "^6.0.1"
  
  string_decoder@~1.1.1:
    version "1.1.1"
    resolved "https://registry.yarnpkg.com/string_decoder/-/string_decoder-1.1.1.tgz#9cf1611ba62685d7030ae9e4ba34149c3af03fc8"
    integrity sha512-n/ShnvDi6FHbbVfviro+WojiFzv+s8MPMHBczVePfUpDJLwoLT0ht1l4YwBCbi8pJAveEEdnkHyPyTP/mzRfwg==
    dependencies:
      safe-buffer "~5.1.0"
  
  strip-ansi@^6.0.0, strip-ansi@^6.0.1:
    version "6.0.1"
    resolved "https://registry.yarnpkg.com/strip-ansi/-/strip-ansi-6.0.1.tgz#9e26c63d30f53443e9489495b2105d37b67a85d9"
    integrity sha512-Y38VPSHcqkFrCpFnQ9vuSXmquuv5oXOKpGeT6aGrr3o3Gc9AlVa6JBfUSOCnbxGGZF+/0ooI7KrPuUSztUdU5A==
    dependencies:
      ansi-regex "^5.0.1"
  
  supports-color@^7.1.0:
    version "7.2.0"
    resolved "https://registry.yarnpkg.com/supports-color/-/supports-color-7.2.0.tgz#1b7dcdcb32b8138801b3e478ba6a51caa89648da"
    integrity sha512-qpCAvRl9stuOHveKsn7HncJRvv501qIacKzQlO/+Lwxc9+0q2wLyv4Dfvt80/DPn2pqOBsJdDiogXGR9+OvwRw==
    dependencies:
      has-flag "^4.0.0"
  
  tmp@^0.2.1:
    version "0.2.1"
    resolved "https://registry.yarnpkg.com/tmp/-/tmp-0.2.1.tgz#8457fc3037dcf4719c251367a1af6500ee1ccf14"
    integrity sha512-76SUhtfqR2Ijn+xllcI5P1oyannHNHByD80W1q447gU3mp9G9PSpGdWmjUOHRDPiHYacIk66W7ubDTuPF3BEtQ==
    dependencies:
      rimraf "^3.0.0"
  
  tr46@~0.0.3:
    version "0.0.3"
    resolved "https://registry.yarnpkg.com/tr46/-/tr46-0.0.3.tgz#8184fd347dac9cdc185992f3a6622e14b9d9ab6a"
    integrity sha512-N3WMsuqV66lT30CrXNbEjx4GEwlow3v6rr4mCcv6prnfwhS01rkgyFdjPNBYd9br7LpXV1+Emh01fHnq2Gdgrw==
  
  tslib@^2.1.0:
    version "2.4.0"
    resolved "https://registry.yarnpkg.com/tslib/-/tslib-2.4.0.tgz#7cecaa7f073ce680a05847aa77be941098f36dc3"
    integrity sha512-d6xOpEDfsi2CZVlPQzGeux8XMwLT9hssAsaPYExaQMuYskwb+x1x7J371tWlbBdWHroy99KnVB6qIkUbs5X3UQ==
  
  union@~0.5.0:
    version "0.5.0"
    resolved "https://registry.yarnpkg.com/union/-/union-0.5.0.tgz#b2c11be84f60538537b846edb9ba266ba0090075"
    integrity sha512-N6uOhuW6zO95P3Mel2I2zMsbsanvvtgn6jVqJv4vbVcz/JN0OkL9suomjQGmWtxJQXOCqUJvquc1sMeNz/IwlA==
    dependencies:
      qs "^6.4.0"
  
  url-join@^4.0.1:
    version "4.0.1"
    resolved "https://registry.yarnpkg.com/url-join/-/url-join-4.0.1.tgz#b642e21a2646808ffa178c4c5fda39844e12cde7"
    integrity sha512-jk1+QP6ZJqyOiuEI9AEWQfju/nB2Pw466kbA0LEZljHwKeMgd9WrAEgEGxjPDD2+TNbbb37rTyhEfrCXfuKXnA==
  
  util-deprecate@~1.0.1:
    version "1.0.2"
    resolved "https://registry.yarnpkg.com/util-deprecate/-/util-deprecate-1.0.2.tgz#450d4dc9fa70de732762fbd2d4a28981419a0ccf"
    integrity sha512-EPD5q1uXyFxJpCrLnCc1nHnq3gOa6DZBocAIiI2TaSCA7VCJ1UJDMagCzIkXNsUYfD1daK//LTEQ8xiIbrHtcw==
  
  webidl-conversions@^3.0.0:
    version "3.0.1"
    resolved "https://registry.yarnpkg.com/webidl-conversions/-/webidl-conversions-3.0.1.tgz#24534275e2a7bc6be7bc86611cc16ae0a5654871"
    integrity sha512-2JAn3z8AR6rjK8Sm8orRC0h/bcl/DqL7tRPdGZ4I1CjdF+EaMLmYxBHyXuKL849eucPFhvBoxMsflfOb8kxaeQ==
  
  websocket-driver@>=0.5.1:
    version "0.7.4"
    resolved "https://registry.yarnpkg.com/websocket-driver/-/websocket-driver-0.7.4.tgz#89ad5295bbf64b480abcba31e4953aca706f5760"
    integrity sha512-b17KeDIQVjvb0ssuSDF2cYXSg2iztliJ4B9WdsuB6J952qCPKmnVq4DyW5motImXHDC1cBT/1UezrJVsKw5zjg==
    dependencies:
      http-parser-js ">=0.5.1"
      safe-buffer ">=5.1.0"
      websocket-extensions ">=0.1.1"
  
  websocket-extensions@>=0.1.1:
    version "0.1.4"
    resolved "https://registry.yarnpkg.com/websocket-extensions/-/websocket-extensions-0.1.4.tgz#7f8473bc839dfd87608adb95d7eb075211578a42"
    integrity sha512-OqedPIGOfsDlo31UNwYbCFMSaO9m9G/0faIHj5/dZFDMFqPTcx6UwqyOy3COEaEOg/9VsGIpdqn62W5KhoKSpg==
  
  whatwg-encoding@^2.0.0:
    version "2.0.0"
    resolved "https://registry.yarnpkg.com/whatwg-encoding/-/whatwg-encoding-2.0.0.tgz#e7635f597fd87020858626805a2729fa7698ac53"
    integrity sha512-p41ogyeMUrw3jWclHWTQg1k05DSVXPLcVxRTYsXUk+ZooOCZLcoYgPZ/HL/D/N+uQPOtcp1me1WhBEaX02mhWg==
    dependencies:
      iconv-lite "0.6.3"
  
  whatwg-fetch@2.0.4:
    version "2.0.4"
    resolved "https://registry.yarnpkg.com/whatwg-fetch/-/whatwg-fetch-2.0.4.tgz#dde6a5df315f9d39991aa17621853d720b85566f"
    integrity sha512-dcQ1GWpOD/eEQ97k66aiEVpNnapVj90/+R+SXTPYGHpYBBypfKJEQjLrvMZ7YXbKm21gXd4NcuxUTjiv1YtLng==
  
  whatwg-url@^5.0.0:
    version "5.0.0"
    resolved "https://registry.yarnpkg.com/whatwg-url/-/whatwg-url-5.0.0.tgz#966454e8765462e37644d3626f6742ce8b70965d"
    integrity sha512-saE57nupxk6v3HY35+jzBwYa0rKSy0XR8JSxZPwgLr7ys0IBzhGviA1/TUGJLmSVqs8pb9AnvICXEuOHLprYTw==
    dependencies:
      tr46 "~0.0.3"
      webidl-conversions "^3.0.0"
  
  wrap-ansi@^7.0.0:
    version "7.0.0"
    resolved "https://registry.yarnpkg.com/wrap-ansi/-/wrap-ansi-7.0.0.tgz#67e145cff510a6a6984bdf1152911d69d2eb9e43"
    integrity sha512-YVGIj2kamLSTxw6NsZjoBxfSwsn0ycdesmc4p+Q21c5zPuZ1pl+NfxVdxPtdHvmNVOQ6XSYG4AUtyt/Fi7D16Q==
    dependencies:
      ansi-styles "^4.0.0"
      string-width "^4.1.0"
      strip-ansi "^6.0.0"
  
  wrappy@1:
    version "1.0.2"
    resolved "https://registry.yarnpkg.com/wrappy/-/wrappy-1.0.2.tgz#b5243d8f3ec1aa35f1364605bc0d1036e30ab69f"
    integrity sha512-l4Sp/DRseor9wL6EvV2+TuQn63dMkPjZ/sp9XkghTEbV9KlPS1xUsZ3u7/IQO4wxtcFB4bgpQPRcR3QCvezPcQ==
  
  ws@7.4.6:
    version "7.4.6"
    resolved "https://registry.yarnpkg.com/ws/-/ws-7.4.6.tgz#5654ca8ecdeee47c33a9a4bf6d28e2be2980377c"
    integrity sha512-YmhHDO4MzaDLB+M9ym/mDA5z0naX8j7SIlT8f8z+I0VtzsRbekxEutHSme7NPS2qE8StCYQNUnfWdXta/Yu85A==
  
  ws@>=7.4.6:
    version "8.8.0"
    resolved "https://registry.yarnpkg.com/ws/-/ws-8.8.0.tgz#8e71c75e2f6348dbf8d78005107297056cb77769"
    integrity sha512-JDAgSYQ1ksuwqfChJusw1LSJ8BizJ2e/vVu5Lxjq3YvNJNlROv1ui4i+c/kUUrPheBvQl4c5UbERhTwKa6QBJQ==
  
  y18n@^5.0.5:
    version "5.0.8"
    resolved "https://registry.yarnpkg.com/y18n/-/y18n-5.0.8.tgz#7f4934d0f7ca8c56f95314939ddcd2dd91ce1d55"
    integrity sha512-0pfFzegeDWJHJIAmTLRP2DwHjdF5s7jo9tuztdQxAhINCdvS+3nGINqPd00AphqJR/0LhANUS6/+7SCb98YOfA==
  
  yargs-parser@^20.2.2:
    version "20.2.9"
    resolved "https://registry.yarnpkg.com/yargs-parser/-/yargs-parser-20.2.9.tgz#2eb7dc3b0289718fc295f362753845c41a0c94ee"
    integrity sha512-y11nGElTIV+CT3Zv9t7VKl+Q3hTQoT9a1Qzezhhl6Rp21gJ/IVTW7Z3y9EWXhuUBC2Shnf+DX0antecpAwSP8w==
  
  yargs@^16.2.0:
    version "16.2.0"
    resolved "https://registry.yarnpkg.com/yargs/-/yargs-16.2.0.tgz#1c82bf0f6b6a66eafce7ef30e376f49a12477f66"
    integrity sha512-D1mvvtDG0L5ft/jGWkLpG1+m0eQxOfaBvTNELraWj22wSVUMWxZUvYgJYcKh6jGGIkJFhH4IZPQhR4TKpc8mBw==
    dependencies:
      cliui "^7.0.2"
      escalade "^3.1.1"
      get-caller-file "^2.0.5"
      require-directory "^2.1.1"
      string-width "^4.2.0"
      y18n "^5.0.5"
      yargs-parser "^20.2.2"
